[2017-10-31 10:53:44.759] [INFO] logs - Executing suite: To test login
[2017-10-31 10:53:44.759] [INFO] logs - Executing suite: To test login
[2017-10-31 10:53:44.782] [INFO] logs - Navigating to URL
[2017-10-31 10:53:44.782] [INFO] logs - Navigating to URL
[2017-10-31 10:53:49.903] [INFO] logs - Current url is http://172.16.0.46/PSPSUIBuild/login
[2017-10-31 10:53:49.903] [INFO] logs - Current url is http://172.16.0.46/PSPSUIBuild/login
[2017-10-31 10:53:49.906] [INFO] logs - Executing Test: To verify login with valid user
[2017-10-31 10:53:49.906] [INFO] logs - Executing Test: To verify login with valid user
[2017-10-31 10:53:49.907] [INFO] logs - Entering text SIMGROUP\Optimus
[2017-10-31 10:53:49.907] [INFO] logs - Entering text SIMGROUP\Optimus
[2017-10-31 10:53:49.909] [INFO] logs - Entering text Newuser1
[2017-10-31 10:53:49.910] [INFO] logs - Clicking on button
[2017-10-31 10:53:49.913] [INFO] logs - Verifying text OPTIMUS INFORMATION
[2017-10-31 10:53:49.909] [INFO] logs - Entering text Newuser1
[2017-10-31 10:53:49.910] [INFO] logs - Clicking on button
[2017-10-31 10:53:49.913] [INFO] logs - Verifying text OPTIMUS INFORMATION
[2017-10-31 10:53:51.901] [INFO] logs - Navigating to URL
[2017-10-31 10:53:51.901] [INFO] logs - Navigating to URL
[2017-10-31 10:53:54.314] [INFO] logs - Current url is http://172.16.0.46/PSPSUIBuild/login
[2017-10-31 10:53:54.314] [INFO] logs - Current url is http://172.16.0.46/PSPSUIBuild/login
[2017-10-31 10:53:54.317] [INFO] logs - Executing Test: To verify login with invalid user
[2017-10-31 10:53:54.317] [INFO] logs - Executing Test: To verify login with invalid user
[2017-10-31 10:53:54.317] [INFO] logs - Entering text SIMGROUP\Optimus
[2017-10-31 10:53:54.317] [INFO] logs - Entering text SIMGROUP\Optimus
[2017-10-31 10:53:54.318] [INFO] logs - Entering text Newuser2
[2017-10-31 10:53:54.318] [INFO] logs - Entering text Newuser2
[2017-10-31 10:53:54.319] [INFO] logs - Clicking on button
[2017-10-31 10:53:54.319] [INFO] logs - Clicking on button
[2017-10-31 10:53:54.319] [INFO] logs - Verifying text Please enter valid username and password!
[2017-10-31 10:53:54.319] [INFO] logs - Verifying text Please enter valid username and password!
[2017-10-31 11:02:10.703] [INFO] logs - Executing suite: To test login
[2017-10-31 11:02:10.703] [INFO] logs - Executing suite: To test login
[2017-10-31 11:02:10.727] [INFO] logs - Navigating to URL
[2017-10-31 11:02:10.727] [INFO] logs - Navigating to URL
[2017-10-31 11:02:15.610] [INFO] logs - Current url is http://172.16.0.46/PSPSUIBuild/login
[2017-10-31 11:02:15.610] [INFO] logs - Current url is http://172.16.0.46/PSPSUIBuild/login
[2017-10-31 11:02:15.613] [INFO] logs - Executing Test: To verify login with valid user
[2017-10-31 11:02:15.613] [INFO] logs - Entering text SIMGROUP\Optimus
[2017-10-31 11:02:15.617] [INFO] logs - Entering text Newuser1
[2017-10-31 11:02:15.618] [INFO] logs - Clicking on button
[2017-10-31 11:02:15.620] [INFO] logs - Verifying text OPTIMUS INFORMATION
[2017-10-31 11:02:15.613] [INFO] logs - Executing Test: To verify login with valid user
[2017-10-31 11:02:15.613] [INFO] logs - Entering text SIMGROUP\Optimus
[2017-10-31 11:02:15.617] [INFO] logs - Entering text Newuser1
[2017-10-31 11:02:15.618] [INFO] logs - Clicking on button
[2017-10-31 11:02:15.620] [INFO] logs - Verifying text OPTIMUS INFORMATION
[2017-10-31 11:02:17.541] [INFO] logs - Navigating to URL
[2017-10-31 11:02:17.541] [INFO] logs - Navigating to URL
[2017-10-31 11:02:21.243] [INFO] logs - Current url is http://172.16.0.46/PSPSUIBuild/login
[2017-10-31 11:02:21.243] [INFO] logs - Current url is http://172.16.0.46/PSPSUIBuild/login
[2017-10-31 11:02:21.247] [INFO] logs - Executing Test: To verify login with invalid user
[2017-10-31 11:02:21.248] [INFO] logs - Entering text SIMGROUP\Optimus
[2017-10-31 11:02:21.250] [INFO] logs - Entering text Newuser2
[2017-10-31 11:02:21.251] [INFO] logs - Clicking on button
[2017-10-31 11:02:21.253] [INFO] logs - Verifying text Please enter valid username and password!
[2017-10-31 11:02:21.247] [INFO] logs - Executing Test: To verify login with invalid user
[2017-10-31 11:02:21.248] [INFO] logs - Entering text SIMGROUP\Optimus
[2017-10-31 11:02:21.250] [INFO] logs - Entering text Newuser2
[2017-10-31 11:02:21.251] [INFO] logs - Clicking on button
[2017-10-31 11:02:21.253] [INFO] logs - Verifying text Please enter valid username and password!
[2017-10-31 11:02:33.525] [INFO] logs - Executing suite: To test dashboard
[2017-10-31 11:02:33.525] [INFO] logs - Executing suite: To test dashboard
[2017-10-31 11:02:33.548] [INFO] logs - Navigating to URL
[2017-10-31 11:02:33.548] [INFO] logs - Navigating to URL
[2017-10-31 11:02:38.207] [INFO] logs - Current url is http://172.16.0.46/PSPSUIBuild/login
[2017-10-31 11:02:38.207] [INFO] logs - Current url is http://172.16.0.46/PSPSUIBuild/login
[2017-10-31 11:02:38.210] [INFO] logs - Executing Test: To verify creating a new column
[2017-10-31 11:02:38.211] [INFO] logs - Entering text SIMGROUP\Optimus
[2017-10-31 11:02:38.215] [INFO] logs - Entering text Newuser1
[2017-10-31 11:02:38.216] [INFO] logs - Clicking on button
[2017-10-31 11:02:38.210] [INFO] logs - Executing Test: To verify creating a new column
[2017-10-31 11:02:38.211] [INFO] logs - Entering text SIMGROUP\Optimus
[2017-10-31 11:02:38.215] [INFO] logs - Entering text Newuser1
[2017-10-31 11:02:38.216] [INFO] logs - Clicking on button
[2017-10-31 18:06:49.341] [INFO] logs - Executing suite: To test dashboard
[2017-10-31 18:06:49.341] [INFO] logs - Executing suite: To test dashboard
[2017-10-31 18:06:49.364] [INFO] logs - Navigating to URL
[2017-10-31 18:06:49.364] [INFO] logs - Navigating to URL
[2017-10-31 18:06:55.233] [INFO] logs - Current url is http://172.16.0.46/PSPSUIBuild/login
[2017-10-31 18:06:55.233] [INFO] logs - Current url is http://172.16.0.46/PSPSUIBuild/login
[2017-10-31 18:06:55.239] [INFO] logs - Executing Test: To verify creating a new column
[2017-10-31 18:06:55.240] [INFO] logs - Entering text SIMGROUP\Optimus
[2017-10-31 18:06:55.246] [INFO] logs - Entering text Newuser1
[2017-10-31 18:06:55.248] [INFO] logs - Clicking on button
[2017-10-31 18:06:55.239] [INFO] logs - Executing Test: To verify creating a new column
[2017-10-31 18:06:55.240] [INFO] logs - Entering text SIMGROUP\Optimus
[2017-10-31 18:06:55.246] [INFO] logs - Entering text Newuser1
[2017-10-31 18:06:55.248] [INFO] logs - Clicking on button
[2017-10-31 18:10:26.358] [INFO] logs - Executing suite: To test dashboard
[2017-10-31 18:10:26.358] [INFO] logs - Executing suite: To test dashboard
[2017-10-31 18:10:26.380] [INFO] logs - Navigating to URL
[2017-10-31 18:10:26.380] [INFO] logs - Navigating to URL
[2017-10-31 18:10:31.742] [INFO] logs - Current url is http://172.16.0.46/PSPSUIBuild/login
[2017-10-31 18:10:31.742] [INFO] logs - Current url is http://172.16.0.46/PSPSUIBuild/login
[2017-10-31 18:10:31.745] [INFO] logs - Executing Test: To verify creating a new column
[2017-10-31 18:10:31.746] [INFO] logs - Entering text SIMGROUP\Optimus
[2017-10-31 18:10:31.749] [INFO] logs - Entering text Newuser1
[2017-10-31 18:10:31.750] [INFO] logs - Clicking on button
[2017-10-31 18:10:31.745] [INFO] logs - Executing Test: To verify creating a new column
[2017-10-31 18:10:31.746] [INFO] logs - Entering text SIMGROUP\Optimus
[2017-10-31 18:10:31.749] [INFO] logs - Entering text Newuser1
[2017-10-31 18:10:31.750] [INFO] logs - Clicking on button
[2017-10-31 18:12:34.256] [INFO] logs - Executing suite: To test dashboard
[2017-10-31 18:12:34.256] [INFO] logs - Executing suite: To test dashboard
[2017-10-31 18:12:34.279] [INFO] logs - Navigating to URL
[2017-10-31 18:12:34.279] [INFO] logs - Navigating to URL
[2017-10-31 18:12:40.378] [INFO] logs - Current url is http://172.16.0.46/PSPSUIBuild/login
[2017-10-31 18:12:40.378] [INFO] logs - Current url is http://172.16.0.46/PSPSUIBuild/login
[2017-10-31 18:12:40.381] [INFO] logs - Executing Test: To verify creating a new column
[2017-10-31 18:12:40.383] [INFO] logs - Entering text SIMGROUP\Optimus
[2017-10-31 18:12:40.381] [INFO] logs - Executing Test: To verify creating a new column
[2017-10-31 18:12:40.386] [INFO] logs - Entering text Newuser1
[2017-10-31 18:12:40.383] [INFO] logs - Entering text SIMGROUP\Optimus
[2017-10-31 18:12:40.386] [INFO] logs - Entering text Newuser1
[2017-10-31 18:12:40.387] [INFO] logs - Clicking on button
[2017-10-31 18:12:40.387] [INFO] logs - Clicking on button
[2017-10-31 18:20:32.849] [INFO] logs - Executing suite: To test dashboard
[2017-10-31 18:20:32.849] [INFO] logs - Executing suite: To test dashboard
[2017-10-31 18:20:32.871] [INFO] logs - Navigating to URL
[2017-10-31 18:20:32.871] [INFO] logs - Navigating to URL
[2017-10-31 18:20:38.465] [INFO] logs - Current url is http://172.16.0.46/PSPSUIBuild/login
[2017-10-31 18:20:38.465] [INFO] logs - Current url is http://172.16.0.46/PSPSUIBuild/login
[2017-10-31 18:20:38.467] [INFO] logs - Executing Test: To verify creating a new column
[2017-10-31 18:20:38.469] [INFO] logs - Entering text SIMGROUP\Optimus
[2017-10-31 18:20:38.472] [INFO] logs - Entering text Newuser1
[2017-10-31 18:20:38.473] [INFO] logs - Clicking on button
[2017-10-31 18:20:38.467] [INFO] logs - Executing Test: To verify creating a new column
[2017-10-31 18:20:38.469] [INFO] logs - Entering text SIMGROUP\Optimus
[2017-10-31 18:20:38.472] [INFO] logs - Entering text Newuser1
[2017-10-31 18:20:38.473] [INFO] logs - Clicking on button
[2017-10-31 18:35:08.405] [INFO] logs - Executing suite: To test dashboard
[2017-10-31 18:35:08.405] [INFO] logs - Executing suite: To test dashboard
[2017-10-31 18:35:08.430] [INFO] logs - Navigating to URL
[2017-10-31 18:35:08.430] [INFO] logs - Navigating to URL
[2017-10-31 18:35:14.431] [INFO] logs - Current url is http://172.16.0.46/PSPSUIBuild/login
[2017-10-31 18:35:14.431] [INFO] logs - Current url is http://172.16.0.46/PSPSUIBuild/login
[2017-10-31 18:35:14.436] [INFO] logs - Executing Test: To verify creating a new column
[2017-10-31 18:35:14.437] [INFO] logs - Entering text SIMGROUP\Optimus
[2017-10-31 18:35:14.440] [INFO] logs - Entering text Newuser1
[2017-10-31 18:35:14.442] [INFO] logs - Clicking on button
[2017-10-31 18:35:14.436] [INFO] logs - Executing Test: To verify creating a new column
[2017-10-31 18:35:14.437] [INFO] logs - Entering text SIMGROUP\Optimus
[2017-10-31 18:35:14.440] [INFO] logs - Entering text Newuser1
[2017-10-31 18:35:14.442] [INFO] logs - Clicking on button
[2017-10-31 18:39:15.672] [INFO] logs - Executing suite: To test dashboard
[2017-10-31 18:39:15.672] [INFO] logs - Executing suite: To test dashboard
[2017-10-31 18:39:15.700] [INFO] logs - Navigating to URL
[2017-10-31 18:39:15.700] [INFO] logs - Navigating to URL
[2017-10-31 18:39:21.333] [INFO] logs - Current url is http://172.16.0.46/PSPSUIBuild/login
[2017-10-31 18:39:21.333] [INFO] logs - Current url is http://172.16.0.46/PSPSUIBuild/login
[2017-10-31 18:39:21.337] [INFO] logs - Executing Test: To verify creating a new column
[2017-10-31 18:39:21.338] [INFO] logs - Entering text SIMGROUP\Optimus
[2017-10-31 18:39:21.342] [INFO] logs - Entering text Newuser1
[2017-10-31 18:39:21.343] [INFO] logs - Clicking on button
[2017-10-31 18:39:21.337] [INFO] logs - Executing Test: To verify creating a new column
[2017-10-31 18:39:21.338] [INFO] logs - Entering text SIMGROUP\Optimus
[2017-10-31 18:39:21.342] [INFO] logs - Entering text Newuser1
[2017-10-31 18:39:21.343] [INFO] logs - Clicking on button
[2017-10-31 18:39:51.858] [INFO] logs - Executing suite: To test dashboard
[2017-10-31 18:39:51.858] [INFO] logs - Executing suite: To test dashboard
[2017-10-31 18:39:51.889] [INFO] logs - Navigating to URL
[2017-10-31 18:39:51.889] [INFO] logs - Navigating to URL
[2017-10-31 18:39:57.624] [INFO] logs - Current url is http://172.16.0.46/PSPSUIBuild/login
[2017-10-31 18:39:57.624] [INFO] logs - Current url is http://172.16.0.46/PSPSUIBuild/login
[2017-10-31 18:39:57.629] [INFO] logs - Executing Test: To verify creating a new column
[2017-10-31 18:39:57.630] [INFO] logs - Entering text SIMGROUP\Optimus
[2017-10-31 18:39:57.633] [INFO] logs - Entering text Newuser1
[2017-10-31 18:39:57.629] [INFO] logs - Executing Test: To verify creating a new column
[2017-10-31 18:39:57.636] [INFO] logs - Clicking on button
[2017-10-31 18:39:57.630] [INFO] logs - Entering text SIMGROUP\Optimus
[2017-10-31 18:39:57.633] [INFO] logs - Entering text Newuser1
[2017-10-31 18:39:57.636] [INFO] logs - Clicking on button
[2017-10-31 18:40:20.432] [INFO] logs - Executing suite: To test dashboard
[2017-10-31 18:40:20.432] [INFO] logs - Executing suite: To test dashboard
[2017-10-31 18:40:20.460] [INFO] logs - Navigating to URL
[2017-10-31 18:40:20.460] [INFO] logs - Navigating to URL
[2017-10-31 18:40:26.013] [INFO] logs - Current url is http://172.16.0.46/PSPSUIBuild/login
[2017-10-31 18:40:26.013] [INFO] logs - Current url is http://172.16.0.46/PSPSUIBuild/login
[2017-10-31 18:40:26.017] [INFO] logs - Executing Test: To verify creating a new column
[2017-10-31 18:40:26.018] [INFO] logs - Entering text SIMGROUP\Optimus
[2017-10-31 18:40:26.021] [INFO] logs - Entering text Newuser1
[2017-10-31 18:40:26.023] [INFO] logs - Clicking on button
[2017-10-31 18:40:26.017] [INFO] logs - Executing Test: To verify creating a new column
[2017-10-31 18:40:26.018] [INFO] logs - Entering text SIMGROUP\Optimus
[2017-10-31 18:40:26.021] [INFO] logs - Entering text Newuser1
[2017-10-31 18:40:26.023] [INFO] logs - Clicking on button
[2017-10-31 19:53:40.372] [INFO] logs - Executing suite: To test dashboard
[2017-10-31 19:53:40.372] [INFO] logs - Executing suite: To test dashboard
[2017-10-31 19:53:40.396] [INFO] logs - Navigating to URL
[2017-10-31 19:53:40.396] [INFO] logs - Navigating to URL
[2017-10-31 19:53:46.293] [INFO] logs - Current url is http://172.16.0.46/PSPSUIBuild/login
[2017-10-31 19:53:46.293] [INFO] logs - Current url is http://172.16.0.46/PSPSUIBuild/login
[2017-10-31 19:53:46.296] [INFO] logs - Executing Test: To verify creating a new column
[2017-10-31 19:53:46.297] [INFO] logs - Entering text SIMGROUP\Optimus
[2017-10-31 19:53:46.300] [INFO] logs - Entering text Newuser1
[2017-10-31 19:53:46.301] [INFO] logs - Clicking on button
[2017-10-31 19:53:46.296] [INFO] logs - Executing Test: To verify creating a new column
[2017-10-31 19:53:46.297] [INFO] logs - Entering text SIMGROUP\Optimus
[2017-10-31 19:53:46.300] [INFO] logs - Entering text Newuser1
[2017-10-31 19:53:46.301] [INFO] logs - Clicking on button
[2017-10-31 19:53:51.167] [INFO] logs - Executing suite: To test dashboard
[2017-10-31 19:53:51.167] [INFO] logs - Executing suite: To test dashboard
[2017-10-31 19:53:51.192] [INFO] logs - Navigating to URL
[2017-10-31 19:53:51.192] [INFO] logs - Navigating to URL
[2017-10-31 19:53:56.324] [INFO] logs - Current url is http://172.16.0.46/PSPSUIBuild/login
[2017-10-31 19:53:56.324] [INFO] logs - Current url is http://172.16.0.46/PSPSUIBuild/login
[2017-10-31 19:53:56.327] [INFO] logs - Executing Test: To verify creating a new column
[2017-10-31 19:53:56.328] [INFO] logs - Entering text SIMGROUP\Optimus
[2017-10-31 19:53:56.331] [INFO] logs - Entering text Newuser1
[2017-10-31 19:53:56.332] [INFO] logs - Clicking on button
[2017-10-31 19:53:56.327] [INFO] logs - Executing Test: To verify creating a new column
[2017-10-31 19:53:56.328] [INFO] logs - Entering text SIMGROUP\Optimus
[2017-10-31 19:53:56.331] [INFO] logs - Entering text Newuser1
[2017-10-31 19:53:56.332] [INFO] logs - Clicking on button
