[2017-11-07 10:16:41.032] [INFO] logs - Executing suite: To test dashboard
[2017-11-07 10:16:41.032] [INFO] logs - Executing suite: To test dashboard
[2017-11-07 10:16:41.058] [INFO] logs - Navigating to URL
[2017-11-07 10:16:41.058] [INFO] logs - Navigating to URL
[2017-11-07 10:16:46.217] [INFO] logs - Current url is http://172.16.0.46/PSPSUIBuild/login
[2017-11-07 10:16:46.217] [INFO] logs - Current url is http://172.16.0.46/PSPSUIBuild/login
[2017-11-07 10:16:46.221] [INFO] logs - Executing Test: To verify creating a new column
[2017-11-07 10:16:46.222] [INFO] logs - Entering text SIMGROUP\Optimus
[2017-11-07 10:16:46.221] [INFO] logs - Executing Test: To verify creating a new column
[2017-11-07 10:16:46.234] [INFO] logs - Entering text Newuser1
[2017-11-07 10:16:46.235] [INFO] logs - Clicking on button
[2017-11-07 10:16:46.222] [INFO] logs - Entering text SIMGROUP\Optimus
[2017-11-07 10:16:46.248] [INFO] logs - Test Exception message: EC is not defined
[2017-11-07 10:16:46.234] [INFO] logs - Entering text Newuser1
[2017-11-07 10:16:46.235] [INFO] logs - Clicking on button
[2017-11-07 10:16:46.248] [INFO] logs - Test Exception message: EC is not defined
[2017-11-07 10:17:37.528] [INFO] logs - Executing suite: To test dashboard
[2017-11-07 10:17:37.528] [INFO] logs - Executing suite: To test dashboard
[2017-11-07 10:17:37.552] [INFO] logs - Navigating to URL
[2017-11-07 10:17:37.552] [INFO] logs - Navigating to URL
[2017-11-07 10:17:42.979] [INFO] logs - Current url is http://172.16.0.46/PSPSUIBuild/login
[2017-11-07 10:17:42.979] [INFO] logs - Current url is http://172.16.0.46/PSPSUIBuild/login
[2017-11-07 10:17:42.983] [INFO] logs - Executing Test: To verify creating a new column
[2017-11-07 10:17:42.983] [INFO] logs - Entering text SIMGROUP\Optimus
[2017-11-07 10:17:42.985] [INFO] logs - Entering text Newuser1
[2017-11-07 10:17:42.986] [INFO] logs - Clicking on button
[2017-11-07 10:17:42.983] [INFO] logs - Executing Test: To verify creating a new column
[2017-11-07 10:17:42.983] [INFO] logs - Entering text SIMGROUP\Optimus
[2017-11-07 10:17:42.985] [INFO] logs - Entering text Newuser1
[2017-11-07 10:17:42.986] [INFO] logs - Clicking on button
[2017-11-07 10:30:40.159] [INFO] logs - Executing suite: To test dashboard
[2017-11-07 10:30:40.159] [INFO] logs - Executing suite: To test dashboard
[2017-11-07 10:30:40.183] [INFO] logs - Navigating to URL
[2017-11-07 10:30:40.183] [INFO] logs - Navigating to URL
[2017-11-07 10:30:45.412] [INFO] logs - Current url is http://172.16.0.46/PSPSUIBuild/login
[2017-11-07 10:30:45.412] [INFO] logs - Current url is http://172.16.0.46/PSPSUIBuild/login
[2017-11-07 10:30:45.417] [INFO] logs - Executing Test: To verify creating a new column
[2017-11-07 10:30:45.418] [INFO] logs - Entering text SIMGROUP\Optimus
[2017-11-07 10:30:45.421] [INFO] logs - Entering text Newuser1
[2017-11-07 10:30:45.423] [INFO] logs - Clicking on button
[2017-11-07 10:30:45.417] [INFO] logs - Executing Test: To verify creating a new column
[2017-11-07 10:30:45.418] [INFO] logs - Entering text SIMGROUP\Optimus
[2017-11-07 10:30:45.421] [INFO] logs - Entering text Newuser1
[2017-11-07 10:30:45.423] [INFO] logs - Clicking on button
[2017-11-07 10:52:00.375] [INFO] logs - Executing suite: To test dashboard
[2017-11-07 10:52:00.375] [INFO] logs - Executing suite: To test dashboard
[2017-11-07 10:52:00.400] [INFO] logs - Navigating to URL
[2017-11-07 10:52:00.400] [INFO] logs - Navigating to URL
[2017-11-07 10:52:06.100] [INFO] logs - Current url is http://172.16.0.46/PSPSUIBuild/login
[2017-11-07 10:52:06.100] [INFO] logs - Current url is http://172.16.0.46/PSPSUIBuild/login
[2017-11-07 10:52:06.105] [INFO] logs - Executing Test: To verify creating a new column
[2017-11-07 10:52:06.107] [INFO] logs - Entering text SIMGROUP\Optimus
[2017-11-07 10:52:06.111] [INFO] logs - Entering text Newuser1
[2017-11-07 10:52:06.112] [INFO] logs - Clicking on button
[2017-11-07 10:52:06.105] [INFO] logs - Executing Test: To verify creating a new column
[2017-11-07 10:52:06.107] [INFO] logs - Entering text SIMGROUP\Optimus
[2017-11-07 10:52:06.111] [INFO] logs - Entering text Newuser1
[2017-11-07 10:52:06.112] [INFO] logs - Clicking on button
[2017-11-07 11:51:23.786] [INFO] logs - Executing suite: To test dashboard
[2017-11-07 11:51:23.786] [INFO] logs - Executing suite: To test dashboard
[2017-11-07 11:51:23.808] [INFO] logs - Navigating to URL
[2017-11-07 11:51:23.808] [INFO] logs - Navigating to URL
[2017-11-07 11:51:29.667] [INFO] logs - Current url is http://172.16.0.46/PSPSUIBuild/login
[2017-11-07 11:51:29.667] [INFO] logs - Current url is http://172.16.0.46/PSPSUIBuild/login
[2017-11-07 11:51:29.672] [INFO] logs - Executing Test: To verify creating a new column
[2017-11-07 11:51:29.672] [INFO] logs - Executing Test: To verify creating a new column
[2017-11-07 11:51:29.673] [INFO] logs - Entering text SIMGROUP\Optimus
[2017-11-07 11:51:29.673] [INFO] logs - Entering text SIMGROUP\Optimus
[2017-11-07 11:51:29.676] [INFO] logs - Entering text Newuser1
[2017-11-07 11:51:29.676] [INFO] logs - Entering text Newuser1
[2017-11-07 11:51:29.677] [INFO] logs - Clicking on button
[2017-11-07 11:51:29.677] [INFO] logs - Clicking on button
[2017-11-07 11:52:10.323] [INFO] logs - Executing suite: To test dashboard
[2017-11-07 11:52:10.323] [INFO] logs - Executing suite: To test dashboard
[2017-11-07 11:52:10.351] [INFO] logs - Navigating to URL
[2017-11-07 11:52:10.351] [INFO] logs - Navigating to URL
[2017-11-07 11:52:15.537] [INFO] logs - Current url is http://172.16.0.46/PSPSUIBuild/login
[2017-11-07 11:52:15.537] [INFO] logs - Current url is http://172.16.0.46/PSPSUIBuild/login
[2017-11-07 11:52:15.542] [INFO] logs - Executing Test: To verify creating a new column
[2017-11-07 11:52:15.543] [INFO] logs - Entering text SIMGROUP\Optimus
[2017-11-07 11:52:15.545] [INFO] logs - Entering text Newuser1
[2017-11-07 11:52:15.547] [INFO] logs - Clicking on button
[2017-11-07 11:52:15.542] [INFO] logs - Executing Test: To verify creating a new column
[2017-11-07 11:52:15.543] [INFO] logs - Entering text SIMGROUP\Optimus
[2017-11-07 11:52:15.545] [INFO] logs - Entering text Newuser1
[2017-11-07 11:52:15.547] [INFO] logs - Clicking on button
[2017-11-07 12:04:55.590] [INFO] logs - Executing suite: To test dashboard
[2017-11-07 12:04:55.590] [INFO] logs - Executing suite: To test dashboard
[2017-11-07 12:04:55.612] [INFO] logs - Navigating to URL
[2017-11-07 12:04:55.612] [INFO] logs - Navigating to URL
[2017-11-07 12:05:00.816] [INFO] logs - Current url is http://172.16.0.46/PSPSUIBuild/login
[2017-11-07 12:05:00.816] [INFO] logs - Current url is http://172.16.0.46/PSPSUIBuild/login
[2017-11-07 12:05:00.818] [INFO] logs - Executing Test: To verify creating a new column
[2017-11-07 12:05:00.819] [INFO] logs - Entering text SIMGROUP\Optimus
[2017-11-07 12:05:00.822] [INFO] logs - Entering text Newuser1
[2017-11-07 12:05:00.823] [INFO] logs - Clicking on button
[2017-11-07 12:05:00.818] [INFO] logs - Executing Test: To verify creating a new column
[2017-11-07 12:05:00.819] [INFO] logs - Entering text SIMGROUP\Optimus
[2017-11-07 12:05:00.822] [INFO] logs - Entering text Newuser1
[2017-11-07 12:05:00.823] [INFO] logs - Clicking on button
[2017-11-07 12:05:27.831] [INFO] logs - Executing suite: To test dashboard
[2017-11-07 12:05:27.831] [INFO] logs - Executing suite: To test dashboard
[2017-11-07 12:05:27.856] [INFO] logs - Navigating to URL
[2017-11-07 12:05:27.856] [INFO] logs - Navigating to URL
[2017-11-07 12:05:32.781] [INFO] logs - Current url is http://172.16.0.46/PSPSUIBuild/login
[2017-11-07 12:05:32.781] [INFO] logs - Current url is http://172.16.0.46/PSPSUIBuild/login
[2017-11-07 12:05:32.784] [INFO] logs - Executing Test: To verify creating a new column
[2017-11-07 12:05:32.785] [INFO] logs - Entering text SIMGROUP\Optimus
[2017-11-07 12:05:32.788] [INFO] logs - Entering text Newuser1
[2017-11-07 12:05:32.790] [INFO] logs - Clicking on button
[2017-11-07 12:05:32.784] [INFO] logs - Executing Test: To verify creating a new column
[2017-11-07 12:05:32.785] [INFO] logs - Entering text SIMGROUP\Optimus
[2017-11-07 12:05:32.788] [INFO] logs - Entering text Newuser1
[2017-11-07 12:05:32.790] [INFO] logs - Clicking on button
[2017-11-07 13:19:08.833] [INFO] logs - Executing suite: To test dashboard
[2017-11-07 13:19:08.833] [INFO] logs - Executing suite: To test dashboard
[2017-11-07 13:19:08.857] [INFO] logs - Navigating to URL
[2017-11-07 13:19:08.857] [INFO] logs - Navigating to URL
[2017-11-07 13:19:14.544] [INFO] logs - Current url is http://172.16.0.46/PSPSUIBuild/login
[2017-11-07 13:19:14.544] [INFO] logs - Current url is http://172.16.0.46/PSPSUIBuild/login
[2017-11-07 13:19:14.548] [INFO] logs - Executing Test: To verify creating a new column
[2017-11-07 13:19:14.549] [INFO] logs - Entering text SIMGROUP\Optimus
[2017-11-07 13:19:14.552] [INFO] logs - Entering text Newuser1
[2017-11-07 13:19:14.553] [INFO] logs - Clicking on button
[2017-11-07 13:19:14.548] [INFO] logs - Executing Test: To verify creating a new column
[2017-11-07 13:19:14.549] [INFO] logs - Entering text SIMGROUP\Optimus
[2017-11-07 13:19:14.552] [INFO] logs - Entering text Newuser1
[2017-11-07 13:19:14.553] [INFO] logs - Clicking on button
[2017-11-07 14:52:26.637] [INFO] logs - Executing suite: To test login
[2017-11-07 14:52:26.637] [INFO] logs - Executing suite: To test login
[2017-11-07 14:52:26.661] [INFO] logs - Navigating to URL
[2017-11-07 14:52:26.661] [INFO] logs - Navigating to URL
[2017-11-07 14:52:32.161] [INFO] logs - Current url is http://172.16.0.46/PSPSUIBuild/login
[2017-11-07 14:52:32.161] [INFO] logs - Current url is http://172.16.0.46/PSPSUIBuild/login
[2017-11-07 14:52:32.165] [INFO] logs - Executing Test: To verify login with valid user
[2017-11-07 14:52:32.167] [INFO] logs - Entering text SIMGROUP\Optimus
[2017-11-07 14:52:32.171] [INFO] logs - Entering text Newuser1
[2017-11-07 14:52:32.173] [INFO] logs - Clicking on button
[2017-11-07 14:52:32.176] [INFO] logs - Verifying text OPTIMUS INFORMATION
[2017-11-07 14:52:32.165] [INFO] logs - Executing Test: To verify login with valid user
[2017-11-07 14:52:32.167] [INFO] logs - Entering text SIMGROUP\Optimus
[2017-11-07 14:52:32.171] [INFO] logs - Entering text Newuser1
[2017-11-07 14:52:32.173] [INFO] logs - Clicking on button
[2017-11-07 14:52:32.176] [INFO] logs - Verifying text OPTIMUS INFORMATION
[2017-11-07 14:53:16.417] [INFO] logs - Navigating to URL
[2017-11-07 14:53:16.417] [INFO] logs - Navigating to URL
[2017-11-07 14:53:18.783] [INFO] logs - Current url is http://172.16.0.46/PSPSUIBuild/login
[2017-11-07 14:53:18.783] [INFO] logs - Current url is http://172.16.0.46/PSPSUIBuild/login
[2017-11-07 14:53:18.796] [INFO] logs - Executing Test: To verify login with invalid user
[2017-11-07 14:53:18.796] [INFO] logs - Entering text SIMGROUP\Optimus
[2017-11-07 14:53:18.799] [INFO] logs - Entering text Newuser2
[2017-11-07 14:53:18.801] [INFO] logs - Clicking on button
[2017-11-07 14:53:18.802] [INFO] logs - Verifying text Please enter valid username and password!
[2017-11-07 14:53:18.796] [INFO] logs - Executing Test: To verify login with invalid user
[2017-11-07 14:53:18.796] [INFO] logs - Entering text SIMGROUP\Optimus
[2017-11-07 14:53:18.799] [INFO] logs - Entering text Newuser2
[2017-11-07 14:53:18.801] [INFO] logs - Clicking on button
[2017-11-07 14:53:18.802] [INFO] logs - Verifying text Please enter valid username and password!
[2017-11-07 14:55:38.013] [INFO] logs - Executing suite: To test login
[2017-11-07 14:55:38.013] [INFO] logs - Executing suite: To test login
[2017-11-07 14:55:38.038] [INFO] logs - Navigating to URL
[2017-11-07 14:55:38.038] [INFO] logs - Navigating to URL
[2017-11-07 14:55:43.400] [INFO] logs - Current url is http://172.16.0.46/PSPSUIBuild/login
[2017-11-07 14:55:43.400] [INFO] logs - Current url is http://172.16.0.46/PSPSUIBuild/login
[2017-11-07 14:55:43.403] [INFO] logs - Executing Test: To verify login with valid user
[2017-11-07 14:55:43.404] [INFO] logs - Entering text SIMGROUP\Optimus
[2017-11-07 14:55:43.407] [INFO] logs - Entering text Newuser1
[2017-11-07 14:55:43.403] [INFO] logs - Executing Test: To verify login with valid user
[2017-11-07 14:55:43.408] [INFO] logs - Clicking on button
[2017-11-07 14:55:43.410] [INFO] logs - Verifying text OPTIMUS INFORMATION
[2017-11-07 14:55:43.404] [INFO] logs - Entering text SIMGROUP\Optimus
[2017-11-07 14:55:43.407] [INFO] logs - Entering text Newuser1
[2017-11-07 14:55:43.408] [INFO] logs - Clicking on button
[2017-11-07 14:55:43.410] [INFO] logs - Verifying text OPTIMUS INFORMATION
[2017-11-07 14:55:46.080] [INFO] logs - Navigating to URL
[2017-11-07 14:55:46.080] [INFO] logs - Navigating to URL
[2017-11-07 14:55:48.500] [INFO] logs - Current url is http://172.16.0.46/PSPSUIBuild/login
[2017-11-07 14:55:48.500] [INFO] logs - Current url is http://172.16.0.46/PSPSUIBuild/login
[2017-11-07 14:55:48.504] [INFO] logs - Executing Test: To verify login with invalid user
[2017-11-07 14:55:48.505] [INFO] logs - Entering text SIMGROUP\Optimus
[2017-11-07 14:55:48.506] [INFO] logs - Entering text Newuser2
[2017-11-07 14:55:48.508] [INFO] logs - Clicking on button
[2017-11-07 14:55:48.510] [INFO] logs - Verifying text Please enter valid username and password!
[2017-11-07 14:55:48.504] [INFO] logs - Executing Test: To verify login with invalid user
[2017-11-07 14:55:48.505] [INFO] logs - Entering text SIMGROUP\Optimus
[2017-11-07 14:55:48.506] [INFO] logs - Entering text Newuser2
[2017-11-07 14:55:48.508] [INFO] logs - Clicking on button
[2017-11-07 14:55:48.510] [INFO] logs - Verifying text Please enter valid username and password!
[2017-11-07 18:45:19.711] [INFO] logs - Executing suite: To test dashboard
[2017-11-07 18:45:19.711] [INFO] logs - Executing suite: To test dashboard
[2017-11-07 18:45:19.733] [INFO] logs - Navigating to URL
[2017-11-07 18:45:19.733] [INFO] logs - Navigating to URL
[2017-11-07 18:45:27.851] [INFO] logs - Current url is http://172.16.0.46/PSPSUIBuild/login
[2017-11-07 18:45:27.851] [INFO] logs - Current url is http://172.16.0.46/PSPSUIBuild/login
[2017-11-07 18:45:27.857] [INFO] logs - Executing Test: To verify creating a new column
[2017-11-07 18:45:27.859] [INFO] logs - Entering text SIMGROUP\Optimus
[2017-11-07 18:45:27.866] [INFO] logs - Entering text Newuser1
[2017-11-07 18:45:27.868] [INFO] logs - Clicking on button
[2017-11-07 18:45:27.871] [INFO] logs - Test Exception message: EC is not defined
[2017-11-07 18:45:27.857] [INFO] logs - Executing Test: To verify creating a new column
[2017-11-07 18:45:27.859] [INFO] logs - Entering text SIMGROUP\Optimus
[2017-11-07 18:45:27.866] [INFO] logs - Entering text Newuser1
[2017-11-07 18:45:27.868] [INFO] logs - Clicking on button
[2017-11-07 18:45:27.871] [INFO] logs - Test Exception message: EC is not defined
[2017-11-07 18:45:53.022] [INFO] logs - Executing suite: To test dashboard
[2017-11-07 18:45:53.022] [INFO] logs - Executing suite: To test dashboard
[2017-11-07 18:45:53.044] [INFO] logs - Navigating to URL
[2017-11-07 18:45:53.044] [INFO] logs - Navigating to URL
[2017-11-07 18:45:59.388] [INFO] logs - Current url is http://172.16.0.46/PSPSUIBuild/login
[2017-11-07 18:45:59.388] [INFO] logs - Current url is http://172.16.0.46/PSPSUIBuild/login
[2017-11-07 18:45:59.392] [INFO] logs - Executing Test: To verify creating a new column
[2017-11-07 18:45:59.393] [INFO] logs - Entering text SIMGROUP\Optimus
[2017-11-07 18:45:59.396] [INFO] logs - Entering text Newuser1
[2017-11-07 18:45:59.398] [INFO] logs - Clicking on button
[2017-11-07 18:45:59.392] [INFO] logs - Executing Test: To verify creating a new column
[2017-11-07 18:45:59.393] [INFO] logs - Entering text SIMGROUP\Optimus
[2017-11-07 18:45:59.396] [INFO] logs - Entering text Newuser1
[2017-11-07 18:45:59.398] [INFO] logs - Clicking on button
[2017-11-07 18:46:41.322] [INFO] logs - Executing suite: To test dashboard
[2017-11-07 18:46:41.322] [INFO] logs - Executing suite: To test dashboard
[2017-11-07 18:46:41.345] [INFO] logs - Navigating to URL
[2017-11-07 18:46:41.345] [INFO] logs - Navigating to URL
[2017-11-07 18:46:49.079] [INFO] logs - Current url is http://172.16.0.46/PSPSUIBuild/login
[2017-11-07 18:46:49.079] [INFO] logs - Current url is http://172.16.0.46/PSPSUIBuild/login
[2017-11-07 18:46:49.083] [INFO] logs - Executing Test: To verify creating a new column
[2017-11-07 18:46:49.084] [INFO] logs - Entering text SIMGROUP\Optimus
[2017-11-07 18:46:49.087] [INFO] logs - Entering text Newuser1
[2017-11-07 18:46:49.089] [INFO] logs - Clicking on button
[2017-11-07 18:46:49.083] [INFO] logs - Executing Test: To verify creating a new column
[2017-11-07 18:46:49.084] [INFO] logs - Entering text SIMGROUP\Optimus
[2017-11-07 18:46:49.087] [INFO] logs - Entering text Newuser1
[2017-11-07 18:46:49.089] [INFO] logs - Clicking on button
[2017-11-07 18:48:51.288] [INFO] logs - Executing suite: To test dashboard
[2017-11-07 18:48:51.288] [INFO] logs - Executing suite: To test dashboard
[2017-11-07 18:48:51.311] [INFO] logs - Navigating to URL
[2017-11-07 18:48:51.311] [INFO] logs - Navigating to URL
[2017-11-07 18:48:57.509] [INFO] logs - Current url is http://172.16.0.46/PSPSUIBuild/login
[2017-11-07 18:48:57.509] [INFO] logs - Current url is http://172.16.0.46/PSPSUIBuild/login
[2017-11-07 18:48:57.512] [INFO] logs - Executing Test: To verify creating a new column
[2017-11-07 18:48:57.513] [INFO] logs - Entering text SIMGROUP\Optimus
[2017-11-07 18:48:57.516] [INFO] logs - Entering text Newuser1
[2017-11-07 18:48:57.518] [INFO] logs - Clicking on button
[2017-11-07 18:48:57.512] [INFO] logs - Executing Test: To verify creating a new column
[2017-11-07 18:48:57.513] [INFO] logs - Entering text SIMGROUP\Optimus
[2017-11-07 18:48:57.516] [INFO] logs - Entering text Newuser1
[2017-11-07 18:48:57.518] [INFO] logs - Clicking on button
[2017-11-07 18:49:52.100] [INFO] logs - Executing suite: To test dashboard
[2017-11-07 18:49:52.100] [INFO] logs - Executing suite: To test dashboard
[2017-11-07 18:49:52.123] [INFO] logs - Navigating to URL
[2017-11-07 18:49:52.123] [INFO] logs - Navigating to URL
[2017-11-07 18:49:59.229] [INFO] logs - Current url is http://172.16.0.46/PSPSUIBuild/login
[2017-11-07 18:49:59.229] [INFO] logs - Current url is http://172.16.0.46/PSPSUIBuild/login
[2017-11-07 18:49:59.232] [INFO] logs - Executing Test: To verify creating a new column
[2017-11-07 18:49:59.232] [INFO] logs - Executing Test: To verify creating a new column
[2017-11-07 18:49:59.233] [INFO] logs - Entering text SIMGROUP\Optimus
[2017-11-07 18:49:59.233] [INFO] logs - Entering text SIMGROUP\Optimus
[2017-11-07 18:49:59.236] [INFO] logs - Entering text Newuser1
[2017-11-07 18:49:59.236] [INFO] logs - Entering text Newuser1
[2017-11-07 18:49:59.238] [INFO] logs - Clicking on button
[2017-11-07 18:49:59.238] [INFO] logs - Clicking on button
[2017-11-07 18:51:43.076] [INFO] logs - Executing suite: To test dashboard
[2017-11-07 18:51:43.076] [INFO] logs - Executing suite: To test dashboard
[2017-11-07 18:51:43.098] [INFO] logs - Navigating to URL
[2017-11-07 18:51:43.098] [INFO] logs - Navigating to URL
[2017-11-07 18:51:48.524] [INFO] logs - Current url is http://172.16.0.46/PSPSUIBuild/login
[2017-11-07 18:51:48.524] [INFO] logs - Current url is http://172.16.0.46/PSPSUIBuild/login
[2017-11-07 18:51:48.527] [INFO] logs - Executing Test: To verify creating a new column
[2017-11-07 18:51:48.529] [INFO] logs - Entering text SIMGROUP\Optimus
[2017-11-07 18:51:48.532] [INFO] logs - Entering text Newuser1
[2017-11-07 18:51:48.533] [INFO] logs - Clicking on button
[2017-11-07 18:51:48.527] [INFO] logs - Executing Test: To verify creating a new column
[2017-11-07 18:51:48.529] [INFO] logs - Entering text SIMGROUP\Optimus
[2017-11-07 18:51:48.532] [INFO] logs - Entering text Newuser1
[2017-11-07 18:51:48.533] [INFO] logs - Clicking on button
[2017-11-07 18:52:03.829] [INFO] logs - Executing suite: To test dashboard
[2017-11-07 18:52:03.829] [INFO] logs - Executing suite: To test dashboard
[2017-11-07 18:52:03.856] [INFO] logs - Navigating to URL
[2017-11-07 18:52:03.856] [INFO] logs - Navigating to URL
[2017-11-07 18:52:09.103] [INFO] logs - Current url is http://172.16.0.46/PSPSUIBuild/login
[2017-11-07 18:52:09.103] [INFO] logs - Current url is http://172.16.0.46/PSPSUIBuild/login
[2017-11-07 18:52:09.107] [INFO] logs - Executing Test: To verify creating a new column
[2017-11-07 18:52:09.107] [INFO] logs - Executing Test: To verify creating a new column
[2017-11-07 18:52:09.108] [INFO] logs - Entering text SIMGROUP\Optimus
[2017-11-07 18:52:09.108] [INFO] logs - Entering text SIMGROUP\Optimus
[2017-11-07 18:52:09.111] [INFO] logs - Entering text Newuser1
[2017-11-07 18:52:09.111] [INFO] logs - Entering text Newuser1
[2017-11-07 18:52:09.112] [INFO] logs - Clicking on button
[2017-11-07 18:52:09.112] [INFO] logs - Clicking on button
[2017-11-07 18:53:21.597] [INFO] logs - Executing suite: To test dashboard
[2017-11-07 18:53:21.597] [INFO] logs - Executing suite: To test dashboard
[2017-11-07 18:53:21.623] [INFO] logs - Navigating to URL
[2017-11-07 18:53:21.623] [INFO] logs - Navigating to URL
[2017-11-07 18:53:27.493] [INFO] logs - Current url is http://172.16.0.46/PSPSUIBuild/login
[2017-11-07 18:53:27.493] [INFO] logs - Current url is http://172.16.0.46/PSPSUIBuild/login
[2017-11-07 18:53:27.496] [INFO] logs - Executing Test: To verify creating a new column
[2017-11-07 18:53:27.497] [INFO] logs - Entering text SIMGROUP\Optimus
[2017-11-07 18:53:27.500] [INFO] logs - Entering text Newuser1
[2017-11-07 18:53:27.501] [INFO] logs - Clicking on button
[2017-11-07 18:53:27.496] [INFO] logs - Executing Test: To verify creating a new column
[2017-11-07 18:53:27.497] [INFO] logs - Entering text SIMGROUP\Optimus
[2017-11-07 18:53:27.500] [INFO] logs - Entering text Newuser1
[2017-11-07 18:53:27.501] [INFO] logs - Clicking on button
[2017-11-07 18:54:51.982] [INFO] logs - Executing suite: To test dashboard
[2017-11-07 18:54:51.982] [INFO] logs - Executing suite: To test dashboard
[2017-11-07 18:54:52.006] [INFO] logs - Navigating to URL
[2017-11-07 18:54:52.006] [INFO] logs - Navigating to URL
[2017-11-07 18:54:57.910] [INFO] logs - Current url is http://172.16.0.46/PSPSUIBuild/login
[2017-11-07 18:54:57.910] [INFO] logs - Current url is http://172.16.0.46/PSPSUIBuild/login
[2017-11-07 18:54:57.915] [INFO] logs - Executing Test: To verify creating a new column
[2017-11-07 18:54:57.916] [INFO] logs - Entering text SIMGROUP\Optimus
[2017-11-07 18:54:57.920] [INFO] logs - Entering text Newuser1
[2017-11-07 18:54:57.921] [INFO] logs - Clicking on button
[2017-11-07 18:54:57.915] [INFO] logs - Executing Test: To verify creating a new column
[2017-11-07 18:54:57.916] [INFO] logs - Entering text SIMGROUP\Optimus
[2017-11-07 18:54:57.920] [INFO] logs - Entering text Newuser1
[2017-11-07 18:54:57.921] [INFO] logs - Clicking on button
[2017-11-07 18:57:04.253] [INFO] logs - Executing suite: To test dashboard
[2017-11-07 18:57:04.253] [INFO] logs - Executing suite: To test dashboard
[2017-11-07 18:57:04.277] [INFO] logs - Navigating to URL
[2017-11-07 18:57:04.277] [INFO] logs - Navigating to URL
[2017-11-07 18:57:09.820] [INFO] logs - Current url is http://172.16.0.46/PSPSUIBuild/login
[2017-11-07 18:57:09.820] [INFO] logs - Current url is http://172.16.0.46/PSPSUIBuild/login
[2017-11-07 18:57:09.824] [INFO] logs - Executing Test: To verify creating a new column
[2017-11-07 18:57:09.824] [INFO] logs - Entering text SIMGROUP\Optimus
[2017-11-07 18:57:09.827] [INFO] logs - Entering text Newuser1
[2017-11-07 18:57:09.829] [INFO] logs - Clicking on button
[2017-11-07 18:57:09.824] [INFO] logs - Executing Test: To verify creating a new column
[2017-11-07 18:57:09.824] [INFO] logs - Entering text SIMGROUP\Optimus
[2017-11-07 18:57:09.827] [INFO] logs - Entering text Newuser1
[2017-11-07 18:57:09.829] [INFO] logs - Clicking on button
[2017-11-07 19:01:34.203] [INFO] logs - Executing suite: To test dashboard
[2017-11-07 19:01:34.203] [INFO] logs - Executing suite: To test dashboard
[2017-11-07 19:01:34.226] [INFO] logs - Navigating to URL
[2017-11-07 19:01:34.226] [INFO] logs - Navigating to URL
[2017-11-07 19:01:39.926] [INFO] logs - Current url is http://172.16.0.46/PSPSUIBuild/login
[2017-11-07 19:01:39.926] [INFO] logs - Current url is http://172.16.0.46/PSPSUIBuild/login
[2017-11-07 19:01:39.930] [INFO] logs - Executing Test: To verify creating a new column
[2017-11-07 19:01:39.930] [INFO] logs - Executing Test: To verify creating a new column
[2017-11-07 19:01:39.930] [INFO] logs - Entering text SIMGROUP\Optimus
[2017-11-07 19:01:39.930] [INFO] logs - Entering text SIMGROUP\Optimus
[2017-11-07 19:01:39.933] [INFO] logs - Entering text Newuser1
[2017-11-07 19:01:39.933] [INFO] logs - Entering text Newuser1
[2017-11-07 19:01:39.935] [INFO] logs - Clicking on button
[2017-11-07 19:01:39.935] [INFO] logs - Clicking on button
[2017-11-07 19:01:39.940] [INFO] logs - Verifying text New Column
[2017-11-07 19:01:39.940] [INFO] logs - Verifying text New Column
[2017-11-07 19:02:29.813] [INFO] logs - Executing suite: To test dashboard
[2017-11-07 19:02:29.813] [INFO] logs - Executing suite: To test dashboard
[2017-11-07 19:02:29.843] [INFO] logs - Navigating to URL
[2017-11-07 19:02:29.843] [INFO] logs - Navigating to URL
[2017-11-07 19:02:34.897] [INFO] logs - Current url is http://172.16.0.46/PSPSUIBuild/login
[2017-11-07 19:02:34.897] [INFO] logs - Current url is http://172.16.0.46/PSPSUIBuild/login
[2017-11-07 19:02:34.900] [INFO] logs - Executing Test: To verify creating a new column
[2017-11-07 19:02:34.900] [INFO] logs - Executing Test: To verify creating a new column
[2017-11-07 19:02:34.900] [INFO] logs - Entering text SIMGROUP\Optimus
[2017-11-07 19:02:34.900] [INFO] logs - Entering text SIMGROUP\Optimus
[2017-11-07 19:02:34.904] [INFO] logs - Entering text Newuser1
[2017-11-07 19:02:34.904] [INFO] logs - Entering text Newuser1
[2017-11-07 19:02:34.905] [INFO] logs - Clicking on button
[2017-11-07 19:02:34.905] [INFO] logs - Clicking on button
[2017-11-07 19:02:34.909] [INFO] logs - Verifying text New Column
[2017-11-07 19:02:34.909] [INFO] logs - Verifying text New Column
[2017-11-07 19:03:19.260] [INFO] logs - Executing suite: To test dashboard
[2017-11-07 19:03:19.260] [INFO] logs - Executing suite: To test dashboard
[2017-11-07 19:03:19.284] [INFO] logs - Navigating to URL
[2017-11-07 19:03:19.284] [INFO] logs - Navigating to URL
[2017-11-07 19:03:24.504] [INFO] logs - Current url is http://172.16.0.46/PSPSUIBuild/login
[2017-11-07 19:03:24.504] [INFO] logs - Current url is http://172.16.0.46/PSPSUIBuild/login
[2017-11-07 19:03:24.508] [INFO] logs - Executing Test: To verify creating a new column
[2017-11-07 19:03:24.508] [INFO] logs - Executing Test: To verify creating a new column
[2017-11-07 19:03:24.509] [INFO] logs - Entering text SIMGROUP\Optimus
[2017-11-07 19:03:24.509] [INFO] logs - Entering text SIMGROUP\Optimus
[2017-11-07 19:03:24.515] [INFO] logs - Entering text Newuser1
[2017-11-07 19:03:24.515] [INFO] logs - Entering text Newuser1
[2017-11-07 19:03:24.516] [INFO] logs - Clicking on button
[2017-11-07 19:03:24.516] [INFO] logs - Clicking on button
[2017-11-07 19:03:24.520] [INFO] logs - Verifying text New Colhumn
[2017-11-07 19:03:24.520] [INFO] logs - Verifying text New Colhumn
[2017-11-07 19:32:27.396] [INFO] logs - Executing suite: To test dashboard
[2017-11-07 19:32:27.396] [INFO] logs - Executing suite: To test dashboard
[2017-11-07 19:32:27.421] [INFO] logs - Navigating to URL
[2017-11-07 19:32:27.421] [INFO] logs - Navigating to URL
[2017-11-07 19:32:33.123] [INFO] logs - Current url is http://172.16.0.46/PSPSUIBuild/login
[2017-11-07 19:32:33.123] [INFO] logs - Current url is http://172.16.0.46/PSPSUIBuild/login
[2017-11-07 19:32:33.130] [INFO] logs - Executing Test: To verify creating a new column
[2017-11-07 19:32:33.132] [INFO] logs - Entering text SIMGROUP\Optimus
[2017-11-07 19:32:33.137] [INFO] logs - Entering text Newuser1
[2017-11-07 19:32:33.138] [INFO] logs - Clicking on button
[2017-11-07 19:32:33.143] [INFO] logs - Verifying text New Column
[2017-11-07 19:32:33.130] [INFO] logs - Executing Test: To verify creating a new column
[2017-11-07 19:32:33.132] [INFO] logs - Entering text SIMGROUP\Optimus
[2017-11-07 19:32:33.137] [INFO] logs - Entering text Newuser1
[2017-11-07 19:32:33.138] [INFO] logs - Clicking on button
[2017-11-07 19:32:33.143] [INFO] logs - Verifying text New Column
