[2017-11-17 09:31:03.244] [INFO] logs - Executing suite: To test dashboard
[2017-11-17 09:31:03.244] [INFO] logs - Executing suite: To test dashboard
[2017-11-17 09:31:03.267] [INFO] logs - Navigating to URL
[2017-11-17 09:31:03.267] [INFO] logs - Navigating to URL
[2017-11-17 09:31:10.997] [INFO] logs - Current url is http://172.16.0.46/PSPSUIBuild/login
[2017-11-17 09:31:10.997] [INFO] logs - Current url is http://172.16.0.46/PSPSUIBuild/login
[2017-11-17 09:31:11.002] [INFO] logs - Executing Test: To verify removing a new column
[2017-11-17 09:31:11.004] [INFO] logs - Entering text SIMGROUP\Optimus
[2017-11-17 09:31:11.010] [INFO] logs - different
[2017-11-17 09:31:11.013] [INFO] logs - different
[2017-11-17 09:31:11.002] [INFO] logs - Executing Test: To verify removing a new column
[2017-11-17 09:31:11.015] [INFO] logs - different
[2017-11-17 09:31:11.004] [INFO] logs - Entering text SIMGROUP\Optimus
[2017-11-17 09:31:11.010] [INFO] logs - different
[2017-11-17 09:31:11.013] [INFO] logs - different
[2017-11-17 09:31:11.015] [INFO] logs - different
[2017-11-17 09:31:11.258] [INFO] logs - Column Found in div4
[2017-11-17 09:31:11.258] [INFO] logs - Column Found in div4
[2017-11-17 09:31:11.289] [INFO] logs - Column Found in div4
[2017-11-17 09:31:11.289] [INFO] logs - Column Found in div4
[2017-11-17 09:31:11.319] [INFO] logs - Column Found in div4
[2017-11-17 09:31:11.319] [INFO] logs - Column Found in div4
[2017-11-17 09:57:05.028] [INFO] logs - Executing suite: To test dashboard
[2017-11-17 09:57:05.028] [INFO] logs - Executing suite: To test dashboard
[2017-11-17 09:57:05.050] [INFO] logs - Navigating to URL
[2017-11-17 09:57:05.050] [INFO] logs - Navigating to URL
[2017-11-17 09:57:10.700] [INFO] logs - Current url is http://172.16.0.46/PSPSUIBuild/login
[2017-11-17 09:57:10.700] [INFO] logs - Current url is http://172.16.0.46/PSPSUIBuild/login
[2017-11-17 09:57:10.705] [INFO] logs - Executing Test: To verify removing a new column
[2017-11-17 09:57:10.706] [INFO] logs - Entering text SIMGROUP\Optimus
[2017-11-17 09:57:10.705] [INFO] logs - Executing Test: To verify removing a new column
[2017-11-17 09:57:10.706] [INFO] logs - Entering text SIMGROUP\Optimus
[2017-11-17 09:57:10.971] [INFO] logs - Column Found in div4
[2017-11-17 09:57:10.971] [INFO] logs - Column Found in div4
[2017-11-17 09:57:11.004] [INFO] logs - Column Found in div4
[2017-11-17 09:57:11.004] [INFO] logs - Column Found in div4
[2017-11-17 09:57:11.036] [INFO] logs - Column Found in div4
[2017-11-17 09:57:11.036] [INFO] logs - Column Found in div4
[2017-11-17 09:58:03.653] [INFO] logs - Executing suite: To test dashboard
[2017-11-17 09:58:03.653] [INFO] logs - Executing suite: To test dashboard
[2017-11-17 09:58:03.686] [INFO] logs - Navigating to URL
[2017-11-17 09:58:03.686] [INFO] logs - Navigating to URL
[2017-11-17 09:58:08.676] [INFO] logs - Current url is http://172.16.0.46/PSPSUIBuild/login
[2017-11-17 09:58:08.676] [INFO] logs - Current url is http://172.16.0.46/PSPSUIBuild/login
[2017-11-17 09:58:08.681] [INFO] logs - Executing Test: To verify removing a new column
[2017-11-17 09:58:08.681] [INFO] logs - Executing Test: To verify removing a new column
[2017-11-17 09:58:08.682] [INFO] logs - Entering text SIMGROUP\Optimus
[2017-11-17 09:58:08.682] [INFO] logs - Entering text SIMGROUP\Optimus
[2017-11-17 09:58:08.942] [INFO] logs - Column Found in div4
[2017-11-17 09:58:08.942] [INFO] logs - Column Found in div4
[2017-11-17 09:58:08.975] [INFO] logs - Column Found in div4
[2017-11-17 09:58:08.975] [INFO] logs - Column Found in div4
[2017-11-17 09:58:09.006] [INFO] logs - Column Found in div4
[2017-11-17 09:58:09.006] [INFO] logs - Column Found in div4
[2017-11-17 10:10:20.379] [INFO] logs - Executing suite: To test dashboard
[2017-11-17 10:10:20.379] [INFO] logs - Executing suite: To test dashboard
[2017-11-17 10:10:20.403] [INFO] logs - Navigating to URL
[2017-11-17 10:10:20.403] [INFO] logs - Navigating to URL
[2017-11-17 10:10:26.018] [INFO] logs - Current url is http://172.16.0.46/PSPSUIBuild/login
[2017-11-17 10:10:26.018] [INFO] logs - Current url is http://172.16.0.46/PSPSUIBuild/login
[2017-11-17 10:10:26.021] [INFO] logs - Executing Test: To verify removing a new column
[2017-11-17 10:10:26.023] [INFO] logs - Entering text SIMGROUP\Optimus
[2017-11-17 10:10:26.026] [INFO] logs - Entering text Newuser1
[2017-11-17 10:10:26.028] [INFO] logs - Clicking on button
[2017-11-17 10:10:26.021] [INFO] logs - Executing Test: To verify removing a new column
[2017-11-17 10:10:26.023] [INFO] logs - Entering text SIMGROUP\Optimus
[2017-11-17 10:10:26.026] [INFO] logs - Entering text Newuser1
[2017-11-17 10:10:26.028] [INFO] logs - Clicking on button
[2017-11-17 10:10:28.012] [INFO] logs - different
[2017-11-17 10:10:28.012] [INFO] logs - different
[2017-11-17 10:10:28.088] [INFO] logs - Column Found in div4
[2017-11-17 10:10:28.088] [INFO] logs - Column Found in div4
[2017-11-17 10:11:03.578] [INFO] logs - Executing suite: To test dashboard
[2017-11-17 10:11:03.578] [INFO] logs - Executing suite: To test dashboard
[2017-11-17 10:11:03.602] [INFO] logs - Navigating to URL
[2017-11-17 10:11:03.602] [INFO] logs - Navigating to URL
[2017-11-17 10:11:08.879] [INFO] logs - Current url is http://172.16.0.46/PSPSUIBuild/login
[2017-11-17 10:11:08.879] [INFO] logs - Current url is http://172.16.0.46/PSPSUIBuild/login
[2017-11-17 10:11:08.883] [INFO] logs - Executing Test: To verify removing a new column
[2017-11-17 10:11:08.884] [INFO] logs - Entering text SIMGROUP\Optimus
[2017-11-17 10:11:08.889] [INFO] logs - Entering text Newuser1
[2017-11-17 10:11:08.892] [INFO] logs - Clicking on button
[2017-11-17 10:11:08.883] [INFO] logs - Executing Test: To verify removing a new column
[2017-11-17 10:11:08.884] [INFO] logs - Entering text SIMGROUP\Optimus
[2017-11-17 10:11:08.889] [INFO] logs - Entering text Newuser1
[2017-11-17 10:11:08.892] [INFO] logs - Clicking on button
[2017-11-17 10:11:10.663] [INFO] logs - different
[2017-11-17 10:11:10.663] [INFO] logs - different
[2017-11-17 10:11:10.722] [INFO] logs - Column Found in div4
[2017-11-17 10:11:10.722] [INFO] logs - Column Found in div4
[2017-11-17 10:11:10.794] [INFO] logs - different
[2017-11-17 10:11:10.794] [INFO] logs - different
[2017-11-17 10:14:25.416] [INFO] logs - Executing suite: To test dashboard
[2017-11-17 10:14:25.416] [INFO] logs - Executing suite: To test dashboard
[2017-11-17 10:14:25.449] [INFO] logs - Navigating to URL
[2017-11-17 10:14:25.449] [INFO] logs - Navigating to URL
[2017-11-17 10:14:31.222] [INFO] logs - Current url is http://172.16.0.46/PSPSUIBuild/login
[2017-11-17 10:14:31.222] [INFO] logs - Current url is http://172.16.0.46/PSPSUIBuild/login
[2017-11-17 10:14:31.226] [INFO] logs - Executing Test: To verify removing a new column
[2017-11-17 10:14:31.227] [INFO] logs - Entering text SIMGROUP\Optimus
[2017-11-17 10:14:31.230] [INFO] logs - Entering text Newuser1
[2017-11-17 10:14:31.232] [INFO] logs - Clicking on button
[2017-11-17 10:14:31.226] [INFO] logs - Executing Test: To verify removing a new column
[2017-11-17 10:14:31.227] [INFO] logs - Entering text SIMGROUP\Optimus
[2017-11-17 10:14:31.230] [INFO] logs - Entering text Newuser1
[2017-11-17 10:14:31.232] [INFO] logs - Clicking on button
[2017-11-17 10:14:33.155] [INFO] logs - different
[2017-11-17 10:14:33.155] [INFO] logs - different
[2017-11-17 10:14:33.214] [INFO] logs - Column Found in div3
[2017-11-17 10:14:33.214] [INFO] logs - Column Found in div3
[2017-11-17 10:17:21.080] [INFO] logs - Executing suite: To test dashboard
[2017-11-17 10:17:21.080] [INFO] logs - Executing suite: To test dashboard
[2017-11-17 10:17:21.104] [INFO] logs - Navigating to URL
[2017-11-17 10:17:21.104] [INFO] logs - Navigating to URL
[2017-11-17 10:17:27.097] [INFO] logs - Current url is http://172.16.0.46/PSPSUIBuild/login
[2017-11-17 10:17:27.097] [INFO] logs - Current url is http://172.16.0.46/PSPSUIBuild/login
[2017-11-17 10:17:27.102] [INFO] logs - Executing Test: To verify removing a new column
[2017-11-17 10:17:27.104] [INFO] logs - Entering text SIMGROUP\Optimus
[2017-11-17 10:17:27.102] [INFO] logs - Executing Test: To verify removing a new column
[2017-11-17 10:17:27.108] [INFO] logs - Entering text Newuser1
[2017-11-17 10:17:27.104] [INFO] logs - Entering text SIMGROUP\Optimus
[2017-11-17 10:17:27.108] [INFO] logs - Entering text Newuser1
[2017-11-17 10:17:27.110] [INFO] logs - Clicking on button
[2017-11-17 10:17:27.110] [INFO] logs - Clicking on button
[2017-11-17 10:17:28.832] [INFO] logs - different
[2017-11-17 10:17:28.832] [INFO] logs - different
[2017-11-17 10:17:28.895] [INFO] logs - NaN
[2017-11-17 10:17:28.895] [INFO] logs - NaN
[2017-11-17 10:17:48.912] [INFO] logs - Executing suite: To test dashboard
[2017-11-17 10:17:48.912] [INFO] logs - Executing suite: To test dashboard
[2017-11-17 10:18:17.124] [INFO] logs - Navigating to URL
[2017-11-17 10:18:17.124] [INFO] logs - Navigating to URL
[2017-11-17 10:18:21.196] [INFO] logs - Executing Test: To verify removing a new column
[2017-11-17 10:18:21.196] [INFO] logs - Executing Test: To verify removing a new column
[2017-11-17 10:18:21.197] [INFO] logs - Entering text SIMGROUP\Optimus
[2017-11-17 10:18:21.197] [INFO] logs - Entering text SIMGROUP\Optimus
[2017-11-17 10:18:21.201] [INFO] logs - Entering text Newuser1
[2017-11-17 10:18:21.201] [INFO] logs - Entering text Newuser1
[2017-11-17 10:18:21.202] [INFO] logs - Clicking on button
[2017-11-17 10:18:21.202] [INFO] logs - Clicking on button
[2017-11-17 10:18:32.526] [INFO] logs - Executing suite: To test dashboard
[2017-11-17 10:18:32.526] [INFO] logs - Executing suite: To test dashboard
[2017-11-17 10:18:32.548] [INFO] logs - Navigating to URL
[2017-11-17 10:18:32.548] [INFO] logs - Navigating to URL
[2017-11-17 10:18:37.743] [INFO] logs - Current url is http://172.16.0.46/PSPSUIBuild/login
[2017-11-17 10:18:37.743] [INFO] logs - Current url is http://172.16.0.46/PSPSUIBuild/login
[2017-11-17 10:18:37.746] [INFO] logs - Executing Test: To verify removing a new column
[2017-11-17 10:18:37.747] [INFO] logs - Entering text SIMGROUP\Optimus
[2017-11-17 10:18:37.749] [INFO] logs - Entering text Newuser1
[2017-11-17 10:18:37.750] [INFO] logs - Clicking on button
[2017-11-17 10:18:37.746] [INFO] logs - Executing Test: To verify removing a new column
[2017-11-17 10:18:37.747] [INFO] logs - Entering text SIMGROUP\Optimus
[2017-11-17 10:18:37.749] [INFO] logs - Entering text Newuser1
[2017-11-17 10:18:37.750] [INFO] logs - Clicking on button
[2017-11-17 10:18:39.431] [INFO] logs - different
[2017-11-17 10:18:39.431] [INFO] logs - different
[2017-11-17 10:18:39.501] [INFO] logs - NaN
[2017-11-17 10:18:39.501] [INFO] logs - NaN
[2017-11-17 10:18:43.268] [INFO] logs - Executing suite: To test dashboard
[2017-11-17 10:18:43.268] [INFO] logs - Executing suite: To test dashboard
[2017-11-17 10:18:43.291] [INFO] logs - Navigating to URL
[2017-11-17 10:18:43.291] [INFO] logs - Navigating to URL
[2017-11-17 10:18:48.520] [INFO] logs - Current url is http://172.16.0.46/PSPSUIBuild/login
[2017-11-17 10:18:48.520] [INFO] logs - Current url is http://172.16.0.46/PSPSUIBuild/login
[2017-11-17 10:18:48.524] [INFO] logs - Executing Test: To verify removing a new column
[2017-11-17 10:18:48.525] [INFO] logs - Entering text SIMGROUP\Optimus
[2017-11-17 10:18:48.528] [INFO] logs - Entering text Newuser1
[2017-11-17 10:18:48.529] [INFO] logs - Clicking on button
[2017-11-17 10:18:48.524] [INFO] logs - Executing Test: To verify removing a new column
[2017-11-17 10:18:48.525] [INFO] logs - Entering text SIMGROUP\Optimus
[2017-11-17 10:18:48.528] [INFO] logs - Entering text Newuser1
[2017-11-17 10:18:48.529] [INFO] logs - Clicking on button
[2017-11-17 10:18:50.636] [INFO] logs - different
[2017-11-17 10:18:50.636] [INFO] logs - different
[2017-11-17 10:18:50.724] [INFO] logs - NaN
[2017-11-17 10:18:50.724] [INFO] logs - NaN
[2017-11-17 10:19:07.752] [INFO] logs - Executing suite: To test dashboard
[2017-11-17 10:19:07.752] [INFO] logs - Executing suite: To test dashboard
[2017-11-17 10:19:07.773] [INFO] logs - Navigating to URL
[2017-11-17 10:19:07.773] [INFO] logs - Navigating to URL
[2017-11-17 10:19:13.973] [INFO] logs - Current url is http://172.16.0.46/PSPSUIBuild/login
[2017-11-17 10:19:13.973] [INFO] logs - Current url is http://172.16.0.46/PSPSUIBuild/login
[2017-11-17 10:19:13.977] [INFO] logs - Executing Test: To verify removing a new column
[2017-11-17 10:19:13.978] [INFO] logs - Entering text SIMGROUP\Optimus
[2017-11-17 10:19:13.981] [INFO] logs - Entering text Newuser1
[2017-11-17 10:19:13.983] [INFO] logs - Clicking on button
[2017-11-17 10:19:13.977] [INFO] logs - Executing Test: To verify removing a new column
[2017-11-17 10:19:13.978] [INFO] logs - Entering text SIMGROUP\Optimus
[2017-11-17 10:19:13.981] [INFO] logs - Entering text Newuser1
[2017-11-17 10:19:13.983] [INFO] logs - Clicking on button
[2017-11-17 10:19:15.701] [INFO] logs - different
[2017-11-17 10:19:15.701] [INFO] logs - different
[2017-11-17 10:19:15.759] [INFO] logs - Column Found in div3
[2017-11-17 10:19:15.759] [INFO] logs - Column Found in div3
[2017-11-17 10:21:51.105] [INFO] logs - Executing suite: To test dashboard
[2017-11-17 10:21:51.105] [INFO] logs - Executing suite: To test dashboard
[2017-11-17 10:21:51.128] [INFO] logs - Navigating to URL
[2017-11-17 10:21:51.128] [INFO] logs - Navigating to URL
[2017-11-17 10:21:56.243] [INFO] logs - Current url is http://172.16.0.46/PSPSUIBuild/login
[2017-11-17 10:21:56.243] [INFO] logs - Current url is http://172.16.0.46/PSPSUIBuild/login
[2017-11-17 10:21:56.248] [INFO] logs - Executing Test: To verify removing a new column
[2017-11-17 10:21:56.249] [INFO] logs - Entering text SIMGROUP\Optimus
[2017-11-17 10:21:56.253] [INFO] logs - Entering text Newuser1
[2017-11-17 10:21:56.254] [INFO] logs - Clicking on button
[2017-11-17 10:21:56.248] [INFO] logs - Executing Test: To verify removing a new column
[2017-11-17 10:21:56.249] [INFO] logs - Entering text SIMGROUP\Optimus
[2017-11-17 10:21:56.253] [INFO] logs - Entering text Newuser1
[2017-11-17 10:21:56.254] [INFO] logs - Clicking on button
[2017-11-17 10:21:58.030] [INFO] logs - different
[2017-11-17 10:21:58.030] [INFO] logs - different
[2017-11-17 10:21:58.093] [INFO] logs - Column Found in div2
[2017-11-17 10:21:58.093] [INFO] logs - Column Found in div2
[2017-11-17 10:22:46.617] [INFO] logs - Executing suite: To test dashboard
[2017-11-17 10:22:46.617] [INFO] logs - Executing suite: To test dashboard
[2017-11-17 10:22:46.639] [INFO] logs - Navigating to URL
[2017-11-17 10:22:46.639] [INFO] logs - Navigating to URL
[2017-11-17 10:22:52.034] [INFO] logs - Current url is http://172.16.0.46/PSPSUIBuild/login
[2017-11-17 10:22:52.034] [INFO] logs - Current url is http://172.16.0.46/PSPSUIBuild/login
[2017-11-17 10:22:52.037] [INFO] logs - Executing Test: To verify removing a new column
[2017-11-17 10:22:52.039] [INFO] logs - Entering text SIMGROUP\Optimus
[2017-11-17 10:22:52.042] [INFO] logs - Entering text Newuser1
[2017-11-17 10:22:52.044] [INFO] logs - Clicking on button
[2017-11-17 10:22:52.037] [INFO] logs - Executing Test: To verify removing a new column
[2017-11-17 10:22:52.039] [INFO] logs - Entering text SIMGROUP\Optimus
[2017-11-17 10:22:52.042] [INFO] logs - Entering text Newuser1
[2017-11-17 10:22:52.044] [INFO] logs - Clicking on button
[2017-11-17 10:22:53.716] [INFO] logs - different
[2017-11-17 10:22:53.716] [INFO] logs - different
[2017-11-17 10:22:53.773] [INFO] logs - different
[2017-11-17 10:22:53.773] [INFO] logs - different
[2017-11-17 10:23:22.604] [INFO] logs - Executing suite: To test dashboard
[2017-11-17 10:23:22.604] [INFO] logs - Executing suite: To test dashboard
[2017-11-17 10:23:22.629] [INFO] logs - Navigating to URL
[2017-11-17 10:23:22.629] [INFO] logs - Navigating to URL
[2017-11-17 10:23:28.258] [INFO] logs - Current url is http://172.16.0.46/PSPSUIBuild/login
[2017-11-17 10:23:28.258] [INFO] logs - Current url is http://172.16.0.46/PSPSUIBuild/login
[2017-11-17 10:23:28.264] [INFO] logs - Executing Test: To verify removing a new column
[2017-11-17 10:23:28.264] [INFO] logs - Executing Test: To verify removing a new column
[2017-11-17 10:23:28.266] [INFO] logs - Entering text SIMGROUP\Optimus
[2017-11-17 10:23:28.270] [INFO] logs - Entering text Newuser1
[2017-11-17 10:23:28.266] [INFO] logs - Entering text SIMGROUP\Optimus
[2017-11-17 10:23:28.271] [INFO] logs - Clicking on button
[2017-11-17 10:23:28.270] [INFO] logs - Entering text Newuser1
[2017-11-17 10:23:28.271] [INFO] logs - Clicking on button
[2017-11-17 10:23:29.956] [INFO] logs - different
[2017-11-17 10:23:29.956] [INFO] logs - different
[2017-11-17 10:23:30.012] [INFO] logs - different
[2017-11-17 10:23:30.012] [INFO] logs - different
[2017-11-17 10:23:30.088] [INFO] logs - Column Found in div3
[2017-11-17 10:23:30.088] [INFO] logs - Column Found in div3
[2017-11-17 10:23:51.418] [INFO] logs - Executing suite: To test dashboard
[2017-11-17 10:23:51.418] [INFO] logs - Executing suite: To test dashboard
[2017-11-17 10:23:51.442] [INFO] logs - Navigating to URL
[2017-11-17 10:23:51.442] [INFO] logs - Navigating to URL
[2017-11-17 10:23:56.897] [INFO] logs - Current url is http://172.16.0.46/PSPSUIBuild/login
[2017-11-17 10:23:56.897] [INFO] logs - Current url is http://172.16.0.46/PSPSUIBuild/login
[2017-11-17 10:23:56.901] [INFO] logs - Executing Test: To verify removing a new column
[2017-11-17 10:23:56.901] [INFO] logs - Executing Test: To verify removing a new column
[2017-11-17 10:23:56.903] [INFO] logs - Entering text SIMGROUP\Optimus
[2017-11-17 10:23:56.903] [INFO] logs - Entering text SIMGROUP\Optimus
[2017-11-17 10:23:56.906] [INFO] logs - Entering text Newuser1
[2017-11-17 10:23:56.906] [INFO] logs - Entering text Newuser1
[2017-11-17 10:23:56.907] [INFO] logs - Clicking on button
[2017-11-17 10:23:56.907] [INFO] logs - Clicking on button
[2017-11-17 10:23:58.618] [INFO] logs - different
[2017-11-17 10:23:58.618] [INFO] logs - different
[2017-11-17 10:23:58.678] [INFO] logs - different
[2017-11-17 10:23:58.678] [INFO] logs - different
[2017-11-17 10:23:58.746] [INFO] logs - Column Found in div4
[2017-11-17 10:23:58.746] [INFO] logs - Column Found in div4
[2017-11-17 10:23:58.803] [INFO] logs - different
[2017-11-17 10:23:58.803] [INFO] logs - different
[2017-11-17 10:24:55.934] [INFO] logs - Executing suite: To test dashboard
[2017-11-17 10:24:55.934] [INFO] logs - Executing suite: To test dashboard
[2017-11-17 10:24:55.958] [INFO] logs - Navigating to URL
[2017-11-17 10:24:55.958] [INFO] logs - Navigating to URL
[2017-11-17 10:25:01.919] [INFO] logs - Current url is http://172.16.0.46/PSPSUIBuild/login
[2017-11-17 10:25:01.919] [INFO] logs - Current url is http://172.16.0.46/PSPSUIBuild/login
[2017-11-17 10:25:01.923] [INFO] logs - Executing Test: To verify removing a new column
[2017-11-17 10:25:01.923] [INFO] logs - Executing Test: To verify removing a new column
[2017-11-17 10:25:01.924] [INFO] logs - Entering text SIMGROUP\Optimus
[2017-11-17 10:25:01.924] [INFO] logs - Entering text SIMGROUP\Optimus
[2017-11-17 10:25:01.927] [INFO] logs - Entering text Newuser1
[2017-11-17 10:25:01.927] [INFO] logs - Entering text Newuser1
[2017-11-17 10:25:01.929] [INFO] logs - Clicking on button
[2017-11-17 10:25:01.929] [INFO] logs - Clicking on button
[2017-11-17 10:37:44.111] [INFO] logs - Executing suite: To test dashboard
[2017-11-17 10:37:44.111] [INFO] logs - Executing suite: To test dashboard
[2017-11-17 10:37:44.135] [INFO] logs - Navigating to URL
[2017-11-17 10:37:44.135] [INFO] logs - Navigating to URL
[2017-11-17 10:37:49.787] [INFO] logs - Current url is http://172.16.0.46/PSPSUIBuild/login
[2017-11-17 10:37:49.787] [INFO] logs - Current url is http://172.16.0.46/PSPSUIBuild/login
[2017-11-17 10:37:49.791] [INFO] logs - Executing Test: To verify removing a new column
[2017-11-17 10:37:49.792] [INFO] logs - Entering text SIMGROUP\Optimus
[2017-11-17 10:37:49.796] [INFO] logs - Entering text Newuser1
[2017-11-17 10:37:49.797] [INFO] logs - Clicking on button
[2017-11-17 10:37:49.791] [INFO] logs - Executing Test: To verify removing a new column
[2017-11-17 10:37:49.792] [INFO] logs - Entering text SIMGROUP\Optimus
[2017-11-17 10:37:49.796] [INFO] logs - Entering text Newuser1
[2017-11-17 10:37:49.797] [INFO] logs - Clicking on button
[2017-11-17 10:37:51.787] [INFO] logs - different
[2017-11-17 10:37:51.787] [INFO] logs - different
[2017-11-17 10:37:51.846] [INFO] logs - different
[2017-11-17 10:37:51.846] [INFO] logs - different
[2017-11-17 10:37:51.914] [INFO] logs - Column Found in div3
[2017-11-17 10:37:51.914] [INFO] logs - Column Found in div3
[2017-11-17 10:37:51.979] [INFO] logs - different
[2017-11-17 10:37:51.979] [INFO] logs - different
[2017-11-17 10:38:14.793] [INFO] logs - Executing suite: To test dashboard
[2017-11-17 10:38:14.793] [INFO] logs - Executing suite: To test dashboard
[2017-11-17 10:38:14.818] [INFO] logs - Navigating to URL
[2017-11-17 10:38:14.818] [INFO] logs - Navigating to URL
[2017-11-17 10:38:20.213] [INFO] logs - Current url is http://172.16.0.46/PSPSUIBuild/login
[2017-11-17 10:38:20.213] [INFO] logs - Current url is http://172.16.0.46/PSPSUIBuild/login
[2017-11-17 10:38:20.217] [INFO] logs - Executing Test: To verify removing a new column
[2017-11-17 10:38:20.218] [INFO] logs - Entering text SIMGROUP\Optimus
[2017-11-17 10:38:20.222] [INFO] logs - Entering text Newuser1
[2017-11-17 10:38:20.223] [INFO] logs - Clicking on button
[2017-11-17 10:38:20.217] [INFO] logs - Executing Test: To verify removing a new column
[2017-11-17 10:38:20.218] [INFO] logs - Entering text SIMGROUP\Optimus
[2017-11-17 10:38:20.222] [INFO] logs - Entering text Newuser1
[2017-11-17 10:38:20.223] [INFO] logs - Clicking on button
[2017-11-17 10:38:21.993] [INFO] logs - different
[2017-11-17 10:38:21.993] [INFO] logs - different
[2017-11-17 10:38:22.053] [INFO] logs - Column Found in div3
[2017-11-17 10:38:22.053] [INFO] logs - Column Found in div3
[2017-11-17 10:38:22.122] [INFO] logs - different
[2017-11-17 10:38:22.122] [INFO] logs - different
[2017-11-17 10:38:22.193] [INFO] logs - different
[2017-11-17 10:38:22.193] [INFO] logs - different
[2017-11-17 10:41:05.704] [INFO] logs - Executing suite: To test dashboard
[2017-11-17 10:41:05.704] [INFO] logs - Executing suite: To test dashboard
[2017-11-17 10:41:05.736] [INFO] logs - Navigating to URL
[2017-11-17 10:41:05.736] [INFO] logs - Navigating to URL
[2017-11-17 10:41:12.486] [INFO] logs - Current url is http://172.16.0.46/PSPSUIBuild/login
[2017-11-17 10:41:12.486] [INFO] logs - Current url is http://172.16.0.46/PSPSUIBuild/login
[2017-11-17 10:41:12.491] [INFO] logs - Executing Test: To verify removing a new column
[2017-11-17 10:41:12.492] [INFO] logs - Entering text SIMGROUP\Optimus
[2017-11-17 10:41:12.497] [INFO] logs - Entering text Newuser1
[2017-11-17 10:41:12.499] [INFO] logs - Clicking on button
[2017-11-17 10:41:12.491] [INFO] logs - Executing Test: To verify removing a new column
[2017-11-17 10:41:12.492] [INFO] logs - Entering text SIMGROUP\Optimus
[2017-11-17 10:41:12.497] [INFO] logs - Entering text Newuser1
[2017-11-17 10:41:12.499] [INFO] logs - Clicking on button
[2017-11-17 10:41:29.598] [INFO] logs - Executing suite: To test dashboard
[2017-11-17 10:41:29.598] [INFO] logs - Executing suite: To test dashboard
[2017-11-17 10:41:29.622] [INFO] logs - Navigating to URL
[2017-11-17 10:41:29.622] [INFO] logs - Navigating to URL
[2017-11-17 10:41:35.426] [INFO] logs - Current url is http://172.16.0.46/PSPSUIBuild/login
[2017-11-17 10:41:35.426] [INFO] logs - Current url is http://172.16.0.46/PSPSUIBuild/login
[2017-11-17 10:41:35.430] [INFO] logs - Executing Test: To verify removing a new column
[2017-11-17 10:41:35.431] [INFO] logs - Entering text SIMGROUP\Optimus
[2017-11-17 10:41:35.435] [INFO] logs - Entering text Newuser1
[2017-11-17 10:41:35.436] [INFO] logs - Clicking on button
[2017-11-17 10:41:35.430] [INFO] logs - Executing Test: To verify removing a new column
[2017-11-17 10:41:35.431] [INFO] logs - Entering text SIMGROUP\Optimus
[2017-11-17 10:41:35.435] [INFO] logs - Entering text Newuser1
[2017-11-17 10:41:35.436] [INFO] logs - Clicking on button
[2017-11-17 10:41:37.169] [INFO] logs - different
[2017-11-17 10:41:37.169] [INFO] logs - different
[2017-11-17 10:41:53.683] [INFO] logs - Executing suite: To test dashboard
[2017-11-17 10:41:53.683] [INFO] logs - Executing suite: To test dashboard
[2017-11-17 10:41:53.706] [INFO] logs - Navigating to URL
[2017-11-17 10:41:53.706] [INFO] logs - Navigating to URL
[2017-11-17 10:41:58.824] [INFO] logs - Current url is http://172.16.0.46/PSPSUIBuild/login
[2017-11-17 10:41:58.824] [INFO] logs - Current url is http://172.16.0.46/PSPSUIBuild/login
[2017-11-17 10:41:58.829] [INFO] logs - Executing Test: To verify removing a new column
[2017-11-17 10:41:58.830] [INFO] logs - Entering text SIMGROUP\Optimus
[2017-11-17 10:41:58.833] [INFO] logs - Entering text Newuser1
[2017-11-17 10:41:58.835] [INFO] logs - Clicking on button
[2017-11-17 10:41:58.829] [INFO] logs - Executing Test: To verify removing a new column
[2017-11-17 10:41:58.830] [INFO] logs - Entering text SIMGROUP\Optimus
[2017-11-17 10:41:58.833] [INFO] logs - Entering text Newuser1
[2017-11-17 10:41:58.835] [INFO] logs - Clicking on button
[2017-11-17 10:42:00.625] [INFO] logs - different
[2017-11-17 10:42:00.625] [INFO] logs - different
[2017-11-17 10:42:00.683] [INFO] logs - Column Found in div5
[2017-11-17 10:42:00.683] [INFO] logs - Column Found in div5
[2017-11-17 10:42:00.753] [INFO] logs - different
[2017-11-17 10:42:00.753] [INFO] logs - different
[2017-11-17 10:42:00.811] [INFO] logs - different
[2017-11-17 10:42:00.811] [INFO] logs - different
[2017-11-17 10:42:47.734] [INFO] logs - Executing suite: To test dashboard
[2017-11-17 10:42:47.734] [INFO] logs - Executing suite: To test dashboard
[2017-11-17 10:42:47.756] [INFO] logs - Navigating to URL
[2017-11-17 10:42:47.756] [INFO] logs - Navigating to URL
[2017-11-17 10:42:53.414] [INFO] logs - Current url is http://172.16.0.46/PSPSUIBuild/login
[2017-11-17 10:42:53.414] [INFO] logs - Current url is http://172.16.0.46/PSPSUIBuild/login
[2017-11-17 10:42:53.418] [INFO] logs - Executing Test: To verify removing a new column
[2017-11-17 10:42:53.418] [INFO] logs - Entering text SIMGROUP\Optimus
[2017-11-17 10:42:53.421] [INFO] logs - Entering text Newuser1
[2017-11-17 10:42:53.423] [INFO] logs - Clicking on button
[2017-11-17 10:42:53.418] [INFO] logs - Executing Test: To verify removing a new column
[2017-11-17 10:42:53.418] [INFO] logs - Entering text SIMGROUP\Optimus
[2017-11-17 10:42:53.421] [INFO] logs - Entering text Newuser1
[2017-11-17 10:42:53.423] [INFO] logs - Clicking on button
[2017-11-17 10:42:55.315] [INFO] logs - different
[2017-11-17 10:42:55.315] [INFO] logs - different
[2017-11-17 10:42:55.379] [INFO] logs - Column Found in div4
[2017-11-17 10:42:55.379] [INFO] logs - Column Found in div4
[2017-11-17 10:42:55.457] [INFO] logs - different
[2017-11-17 10:42:55.457] [INFO] logs - different
[2017-11-17 10:42:55.518] [INFO] logs - different
[2017-11-17 10:42:55.518] [INFO] logs - different
[2017-11-17 10:43:50.150] [INFO] logs - Executing suite: To test dashboard
[2017-11-17 10:43:50.150] [INFO] logs - Executing suite: To test dashboard
[2017-11-17 10:43:50.173] [INFO] logs - Navigating to URL
[2017-11-17 10:43:50.173] [INFO] logs - Navigating to URL
[2017-11-17 10:43:54.897] [INFO] logs - Current url is http://172.16.0.46/PSPSUIBuild/login
[2017-11-17 10:43:54.897] [INFO] logs - Current url is http://172.16.0.46/PSPSUIBuild/login
[2017-11-17 10:43:54.900] [INFO] logs - Executing Test: To verify removing a new column
[2017-11-17 10:43:54.901] [INFO] logs - Entering text SIMGROUP\Optimus
[2017-11-17 10:43:54.904] [INFO] logs - Entering text Newuser1
[2017-11-17 10:43:54.906] [INFO] logs - Clicking on button
[2017-11-17 10:43:54.900] [INFO] logs - Executing Test: To verify removing a new column
[2017-11-17 10:43:54.901] [INFO] logs - Entering text SIMGROUP\Optimus
[2017-11-17 10:43:54.904] [INFO] logs - Entering text Newuser1
[2017-11-17 10:43:54.906] [INFO] logs - Clicking on button
[2017-11-17 10:43:56.760] [INFO] logs - different
[2017-11-17 10:43:56.760] [INFO] logs - different
[2017-11-17 10:43:56.830] [INFO] logs - Column Found in div5
[2017-11-17 10:43:56.830] [INFO] logs - Column Found in div5
[2017-11-17 10:43:56.885] [INFO] logs - different
[2017-11-17 10:43:56.885] [INFO] logs - different
[2017-11-17 10:43:56.942] [INFO] logs - different
[2017-11-17 10:43:56.942] [INFO] logs - different
[2017-11-17 10:45:06.162] [INFO] logs - Executing suite: To test dashboard
[2017-11-17 10:45:06.162] [INFO] logs - Executing suite: To test dashboard
[2017-11-17 10:45:06.184] [INFO] logs - Navigating to URL
[2017-11-17 10:45:06.184] [INFO] logs - Navigating to URL
[2017-11-17 10:45:11.215] [INFO] logs - Current url is http://172.16.0.46/PSPSUIBuild/login
[2017-11-17 10:45:11.215] [INFO] logs - Current url is http://172.16.0.46/PSPSUIBuild/login
[2017-11-17 10:45:11.219] [INFO] logs - Executing Test: To verify removing a new column
[2017-11-17 10:45:11.220] [INFO] logs - Entering text SIMGROUP\Optimus
[2017-11-17 10:45:11.224] [INFO] logs - Entering text Newuser1
[2017-11-17 10:45:11.225] [INFO] logs - Clicking on button
[2017-11-17 10:45:11.219] [INFO] logs - Executing Test: To verify removing a new column
[2017-11-17 10:45:11.220] [INFO] logs - Entering text SIMGROUP\Optimus
[2017-11-17 10:45:11.224] [INFO] logs - Entering text Newuser1
[2017-11-17 10:45:11.225] [INFO] logs - Clicking on button
[2017-11-17 10:45:13.053] [INFO] logs - different
[2017-11-17 10:45:13.053] [INFO] logs - different
[2017-11-17 10:45:13.115] [INFO] logs - Column Found in div5
[2017-11-17 10:45:13.115] [INFO] logs - Column Found in div5
[2017-11-17 10:45:13.187] [INFO] logs - different
[2017-11-17 10:45:13.187] [INFO] logs - different
[2017-11-17 10:45:13.250] [INFO] logs - different
[2017-11-17 10:45:13.250] [INFO] logs - different
[2017-11-17 10:52:11.956] [INFO] logs - Executing suite: To test dashboard
[2017-11-17 10:52:11.956] [INFO] logs - Executing suite: To test dashboard
[2017-11-17 10:52:11.980] [INFO] logs - Navigating to URL
[2017-11-17 10:52:11.980] [INFO] logs - Navigating to URL
[2017-11-17 10:52:17.171] [INFO] logs - Current url is http://172.16.0.46/PSPSUIBuild/login
[2017-11-17 10:52:17.171] [INFO] logs - Current url is http://172.16.0.46/PSPSUIBuild/login
[2017-11-17 10:52:17.175] [INFO] logs - Executing Test: To verify removing a new column
[2017-11-17 10:52:17.175] [INFO] logs - Entering text SIMGROUP\Optimus
[2017-11-17 10:52:17.178] [INFO] logs - Entering text Newuser1
[2017-11-17 10:52:17.180] [INFO] logs - Clicking on button
[2017-11-17 10:52:17.175] [INFO] logs - Executing Test: To verify removing a new column
[2017-11-17 10:52:17.175] [INFO] logs - Entering text SIMGROUP\Optimus
[2017-11-17 10:52:17.178] [INFO] logs - Entering text Newuser1
[2017-11-17 10:52:17.180] [INFO] logs - Clicking on button
[2017-11-17 10:52:19.060] [INFO] logs - different
[2017-11-17 10:52:19.060] [INFO] logs - different
[2017-11-17 10:52:19.144] [INFO] logs - Column Found in div5
[2017-11-17 10:52:19.144] [INFO] logs - Column Found in div5
[2017-11-17 10:52:19.230] [INFO] logs - different
[2017-11-17 10:52:19.230] [INFO] logs - different
[2017-11-17 10:52:19.314] [INFO] logs - different
[2017-11-17 10:52:19.314] [INFO] logs - different
[2017-11-17 11:11:02.351] [INFO] logs - Executing suite: To test dashboard
[2017-11-17 11:11:02.351] [INFO] logs - Executing suite: To test dashboard
[2017-11-17 11:11:02.376] [INFO] logs - Navigating to URL
[2017-11-17 11:11:02.376] [INFO] logs - Navigating to URL
[2017-11-17 11:11:07.487] [INFO] logs - Current url is http://172.16.0.46/PSPSUIBuild/login
[2017-11-17 11:11:07.487] [INFO] logs - Current url is http://172.16.0.46/PSPSUIBuild/login
[2017-11-17 11:11:07.490] [INFO] logs - Executing Test: To verify removing a new column
[2017-11-17 11:11:07.491] [INFO] logs - Entering text SIMGROUP\Optimus
[2017-11-17 11:11:07.495] [INFO] logs - Entering text Newuser1
[2017-11-17 11:11:07.498] [INFO] logs - Clicking on button
[2017-11-17 11:11:07.490] [INFO] logs - Executing Test: To verify removing a new column
[2017-11-17 11:11:07.491] [INFO] logs - Entering text SIMGROUP\Optimus
[2017-11-17 11:11:07.495] [INFO] logs - Entering text Newuser1
[2017-11-17 11:11:07.498] [INFO] logs - Clicking on button
[2017-11-17 11:11:40.008] [INFO] logs - Executing suite: To test dashboard
[2017-11-17 11:11:40.008] [INFO] logs - Executing suite: To test dashboard
[2017-11-17 11:11:40.032] [INFO] logs - Navigating to URL
[2017-11-17 11:11:40.032] [INFO] logs - Navigating to URL
[2017-11-17 11:11:45.475] [INFO] logs - Current url is http://172.16.0.46/PSPSUIBuild/login
[2017-11-17 11:11:45.475] [INFO] logs - Current url is http://172.16.0.46/PSPSUIBuild/login
[2017-11-17 11:11:45.478] [INFO] logs - Executing Test: To verify removing a new column
[2017-11-17 11:11:45.478] [INFO] logs - Executing Test: To verify removing a new column
[2017-11-17 11:11:45.479] [INFO] logs - Entering text SIMGROUP\Optimus
[2017-11-17 11:11:45.479] [INFO] logs - Entering text SIMGROUP\Optimus
[2017-11-17 11:11:45.483] [INFO] logs - Entering text Newuser1
[2017-11-17 11:11:45.483] [INFO] logs - Entering text Newuser1
[2017-11-17 11:11:45.484] [INFO] logs - Clicking on button
[2017-11-17 11:11:45.484] [INFO] logs - Clicking on button
[2017-11-17 11:12:53.228] [INFO] logs - Executing suite: To test dashboard
[2017-11-17 11:12:53.228] [INFO] logs - Executing suite: To test dashboard
[2017-11-17 11:12:53.254] [INFO] logs - Navigating to URL
[2017-11-17 11:12:53.254] [INFO] logs - Navigating to URL
[2017-11-17 11:12:59.637] [INFO] logs - Current url is http://172.16.0.46/PSPSUIBuild/login
[2017-11-17 11:12:59.637] [INFO] logs - Current url is http://172.16.0.46/PSPSUIBuild/login
[2017-11-17 11:12:59.641] [INFO] logs - Executing Test: To verify removing a new column
[2017-11-17 11:12:59.643] [INFO] logs - Entering text SIMGROUP\Optimus
[2017-11-17 11:12:59.645] [INFO] logs - Entering text Newuser1
[2017-11-17 11:12:59.647] [INFO] logs - Clicking on button
[2017-11-17 11:12:59.641] [INFO] logs - Executing Test: To verify removing a new column
[2017-11-17 11:12:59.643] [INFO] logs - Entering text SIMGROUP\Optimus
[2017-11-17 11:12:59.645] [INFO] logs - Entering text Newuser1
[2017-11-17 11:12:59.647] [INFO] logs - Clicking on button
[2017-11-17 11:27:50.853] [INFO] logs - Executing suite: To test dashboard
[2017-11-17 11:27:50.853] [INFO] logs - Executing suite: To test dashboard
[2017-11-17 11:27:50.880] [INFO] logs - Navigating to URL
[2017-11-17 11:27:50.880] [INFO] logs - Navigating to URL
[2017-11-17 11:27:56.435] [INFO] logs - Current url is http://172.16.0.46/PSPSUIBuild/login
[2017-11-17 11:27:56.435] [INFO] logs - Current url is http://172.16.0.46/PSPSUIBuild/login
[2017-11-17 11:27:56.439] [INFO] logs - Executing Test: To verify removing a new column
[2017-11-17 11:27:56.440] [INFO] logs - Entering text SIMGROUP\Optimus
[2017-11-17 11:27:56.443] [INFO] logs - Entering text Newuser1
[2017-11-17 11:27:56.444] [INFO] logs - Clicking on button
[2017-11-17 11:27:56.439] [INFO] logs - Executing Test: To verify removing a new column
[2017-11-17 11:27:56.440] [INFO] logs - Entering text SIMGROUP\Optimus
[2017-11-17 11:27:56.443] [INFO] logs - Entering text Newuser1
[2017-11-17 11:27:56.444] [INFO] logs - Clicking on button
[2017-11-17 11:29:09.250] [INFO] logs - Executing suite: To test dashboard
[2017-11-17 11:29:09.250] [INFO] logs - Executing suite: To test dashboard
[2017-11-17 11:29:09.272] [INFO] logs - Navigating to URL
[2017-11-17 11:29:09.272] [INFO] logs - Navigating to URL
[2017-11-17 11:29:15.265] [INFO] logs - Current url is http://172.16.0.46/PSPSUIBuild/login
[2017-11-17 11:29:15.265] [INFO] logs - Current url is http://172.16.0.46/PSPSUIBuild/login
[2017-11-17 11:29:15.269] [INFO] logs - Executing Test: To verify removing a new column
[2017-11-17 11:29:15.269] [INFO] logs - Entering text SIMGROUP\Optimus
[2017-11-17 11:29:15.273] [INFO] logs - Entering text Newuser1
[2017-11-17 11:29:15.275] [INFO] logs - Clicking on button
[2017-11-17 11:29:15.269] [INFO] logs - Executing Test: To verify removing a new column
[2017-11-17 11:29:15.269] [INFO] logs - Entering text SIMGROUP\Optimus
[2017-11-17 11:29:15.273] [INFO] logs - Entering text Newuser1
[2017-11-17 11:29:15.275] [INFO] logs - Clicking on button
[2017-11-17 11:29:16.966] [INFO] logs - different
[2017-11-17 11:29:16.966] [INFO] logs - different
[2017-11-17 11:29:17.023] [INFO] logs - Column Found in div5
[2017-11-17 11:29:17.023] [INFO] logs - Column Found in div5
[2017-11-17 11:29:17.085] [INFO] logs - different
[2017-11-17 11:29:17.085] [INFO] logs - different
[2017-11-17 11:29:17.149] [INFO] logs - different
[2017-11-17 11:29:17.149] [INFO] logs - different
[2017-11-17 12:46:12.526] [INFO] logs - Executing suite: To test dashboard
[2017-11-17 12:46:12.526] [INFO] logs - Executing suite: To test dashboard
[2017-11-17 12:46:12.550] [INFO] logs - Navigating to URL
[2017-11-17 12:46:12.550] [INFO] logs - Navigating to URL
[2017-11-17 12:46:20.162] [INFO] logs - Current url is http://172.16.0.46/PSPSUIBuild/login
[2017-11-17 12:46:20.162] [INFO] logs - Current url is http://172.16.0.46/PSPSUIBuild/login
[2017-11-17 12:46:20.167] [INFO] logs - Executing Test: To verify removing a new column
[2017-11-17 12:46:20.168] [INFO] logs - Entering text SIMGROUP\Optimus
[2017-11-17 12:46:20.171] [INFO] logs - Entering text Newuser1
[2017-11-17 12:46:20.173] [INFO] logs - Clicking on button
[2017-11-17 12:46:20.167] [INFO] logs - Executing Test: To verify removing a new column
[2017-11-17 12:46:20.168] [INFO] logs - Entering text SIMGROUP\Optimus
[2017-11-17 12:46:20.171] [INFO] logs - Entering text Newuser1
[2017-11-17 12:46:20.173] [INFO] logs - Clicking on button
[2017-11-17 12:46:48.730] [INFO] logs - Executing suite: To test dashboard
[2017-11-17 12:46:48.730] [INFO] logs - Executing suite: To test dashboard
[2017-11-17 12:46:48.755] [INFO] logs - Navigating to URL
[2017-11-17 12:46:48.755] [INFO] logs - Navigating to URL
[2017-11-17 12:46:53.743] [INFO] logs - Current url is http://172.16.0.46/PSPSUIBuild/login
[2017-11-17 12:46:53.743] [INFO] logs - Current url is http://172.16.0.46/PSPSUIBuild/login
[2017-11-17 12:46:53.748] [INFO] logs - Executing Test: To verify removing a new column
[2017-11-17 12:46:53.749] [INFO] logs - Entering text SIMGROUP\Optimus
[2017-11-17 12:46:53.752] [INFO] logs - Entering text Newuser1
[2017-11-17 12:46:53.753] [INFO] logs - Clicking on button
[2017-11-17 12:46:53.748] [INFO] logs - Executing Test: To verify removing a new column
[2017-11-17 12:46:53.749] [INFO] logs - Entering text SIMGROUP\Optimus
[2017-11-17 12:46:53.752] [INFO] logs - Entering text Newuser1
[2017-11-17 12:46:53.753] [INFO] logs - Clicking on button
[2017-11-17 12:47:22.089] [INFO] logs - Executing suite: To test dashboard
[2017-11-17 12:47:22.089] [INFO] logs - Executing suite: To test dashboard
[2017-11-17 12:47:22.113] [INFO] logs - Navigating to URL
[2017-11-17 12:47:22.113] [INFO] logs - Navigating to URL
[2017-11-17 12:47:27.067] [INFO] logs - Current url is http://172.16.0.46/PSPSUIBuild/login
[2017-11-17 12:47:27.067] [INFO] logs - Current url is http://172.16.0.46/PSPSUIBuild/login
[2017-11-17 12:47:27.073] [INFO] logs - Executing Test: To verify removing a new column
[2017-11-17 12:47:27.075] [INFO] logs - Entering text SIMGROUP\Optimus
[2017-11-17 12:47:27.078] [INFO] logs - Entering text Newuser1
[2017-11-17 12:47:27.080] [INFO] logs - Clicking on button
[2017-11-17 12:47:27.073] [INFO] logs - Executing Test: To verify removing a new column
[2017-11-17 12:47:27.075] [INFO] logs - Entering text SIMGROUP\Optimus
[2017-11-17 12:47:27.078] [INFO] logs - Entering text Newuser1
[2017-11-17 12:47:27.080] [INFO] logs - Clicking on button
[2017-11-17 12:50:13.956] [INFO] logs - Executing suite: To test dashboard
[2017-11-17 12:50:13.956] [INFO] logs - Executing suite: To test dashboard
[2017-11-17 12:50:13.984] [INFO] logs - Navigating to URL
[2017-11-17 12:50:13.984] [INFO] logs - Navigating to URL
[2017-11-17 12:50:19.992] [INFO] logs - Current url is http://172.16.0.46/PSPSUIBuild/login
[2017-11-17 12:50:19.992] [INFO] logs - Current url is http://172.16.0.46/PSPSUIBuild/login
[2017-11-17 12:50:19.997] [INFO] logs - Executing Test: To verify removing a new column
[2017-11-17 12:50:19.997] [INFO] logs - Executing Test: To verify removing a new column
[2017-11-17 12:50:19.998] [INFO] logs - Entering text SIMGROUP\Optimus
[2017-11-17 12:50:19.998] [INFO] logs - Entering text SIMGROUP\Optimus
[2017-11-17 12:50:20.001] [INFO] logs - Entering text Newuser1
[2017-11-17 12:50:20.001] [INFO] logs - Entering text Newuser1
[2017-11-17 12:50:20.003] [INFO] logs - Clicking on button
[2017-11-17 12:50:20.003] [INFO] logs - Clicking on button
[2017-11-17 13:06:57.667] [INFO] logs - Executing suite: To test dashboard
[2017-11-17 13:06:57.667] [INFO] logs - Executing suite: To test dashboard
[2017-11-17 13:06:57.690] [INFO] logs - Navigating to URL
[2017-11-17 13:06:57.690] [INFO] logs - Navigating to URL
[2017-11-17 13:07:03.343] [INFO] logs - Current url is http://172.16.0.46/PSPSUIBuild/login
[2017-11-17 13:07:03.343] [INFO] logs - Current url is http://172.16.0.46/PSPSUIBuild/login
[2017-11-17 13:07:03.348] [INFO] logs - Executing Test: To verify removing a new column
[2017-11-17 13:07:03.349] [INFO] logs - Entering text SIMGROUP\Optimus
[2017-11-17 13:07:03.354] [INFO] logs - Entering text Newuser1
[2017-11-17 13:07:03.355] [INFO] logs - Clicking on button
[2017-11-17 13:07:03.348] [INFO] logs - Executing Test: To verify removing a new column
[2017-11-17 13:07:03.349] [INFO] logs - Entering text SIMGROUP\Optimus
[2017-11-17 13:07:03.354] [INFO] logs - Entering text Newuser1
[2017-11-17 13:07:03.355] [INFO] logs - Clicking on button
[2017-11-17 13:07:04.921] [INFO] logs - different
[2017-11-17 13:07:04.921] [INFO] logs - different
[2017-11-17 13:07:04.988] [INFO] logs - Column Found in div 5
[2017-11-17 13:07:04.988] [INFO] logs - Column Found in div 5
[2017-11-17 13:07:05.054] [INFO] logs - different
[2017-11-17 13:07:05.054] [INFO] logs - different
[2017-11-17 13:07:05.122] [INFO] logs - different
[2017-11-17 13:07:05.122] [INFO] logs - different
[2017-11-17 13:07:57.007] [INFO] logs - Executing suite: To test dashboard
[2017-11-17 13:07:57.007] [INFO] logs - Executing suite: To test dashboard
[2017-11-17 13:07:57.033] [INFO] logs - Navigating to URL
[2017-11-17 13:07:57.033] [INFO] logs - Navigating to URL
[2017-11-17 13:08:04.511] [INFO] logs - Current url is http://172.16.0.46/PSPSUIBuild/login
[2017-11-17 13:08:04.511] [INFO] logs - Current url is http://172.16.0.46/PSPSUIBuild/login
[2017-11-17 13:08:04.516] [INFO] logs - Executing Test: To verify removing a new column
[2017-11-17 13:08:04.517] [INFO] logs - Entering text SIMGROUP\Optimus
[2017-11-17 13:08:04.520] [INFO] logs - Entering text Newuser1
[2017-11-17 13:08:04.522] [INFO] logs - Clicking on button
[2017-11-17 13:08:04.516] [INFO] logs - Executing Test: To verify removing a new column
[2017-11-17 13:08:04.517] [INFO] logs - Entering text SIMGROUP\Optimus
[2017-11-17 13:08:04.520] [INFO] logs - Entering text Newuser1
[2017-11-17 13:08:04.522] [INFO] logs - Clicking on button
